
WITH <http://devserver.sti2.org/connectme/tmp_video/fahrenheit911>
DELETE {
	?annotation ?p ?v.
	?fragment ?r ?s.
	<http://devserver.sti2.org/connectme/tmp_video/fahrenheit911>  <http://www.w3.org/ns/ma-ont#hasFragment> ?fragment.
}
INSERT {
<http://devserver.sti2.org/connectme/tmp_video/fahrenheit911> <http://www.w3.org/ns/ma-ont#hasFragment> <http://connectme.at/fragment/8faf71480bf85302b16479610b9914be> .
<http://connectme.at/fragment/8faf71480bf85302b16479610b9914be> <http://www.w3.org/1999/02/22-rdf-syntax-ns#type> <http://www.w3.org/ns/ma-ont#MediaFragment> .
<http://connectme.at/fragment/8faf71480bf85302b16479610b9914be> <http://www.w3.org/ns/ma-ont#locator> "http://devserver.sti2.org/connectme/tmp_video/fahrenheit911.mp4#t=26,36"^^<http://www.w3.org/2001/XMLSchema#anyURI> .
<http://connectme.at/fragment/8faf71480bf85302b16479610b9914be> <http://www.w3.org/ns/ma-ont#locator> "http://devserver.sti2.org/connectme/tmp_video/fahrenheit911.ogv#t=26,36"^^<http://www.w3.org/2001/XMLSchema#anyURI> .
<http://connectme.at/fragment/8faf71480bf85302b16479610b9914be> <http://www.w3.org/ns/ma-ont#locator> "http://devserver.sti2.org/connectme/tmp_video/fahrenheit911.webm#t=26,36"^^<http://www.w3.org/2001/XMLSchema#anyURI> .
<http://connectme.at/fragment/8faf71480bf85302b16479610b9914be> <http://connectme.at/ontology#implicitlyShows> <http://dbpedia.org/resource/Osama_bin_Laden> .
<http://connectme.at/annotation/8faf71480bf85302b16479610b9914be> <http://www.w3.org/1999/02/22-rdf-syntax-ns#type> <http://www.openannotation.org/ns/Annotation> .
<http://connectme.at/annotation/8faf71480bf85302b16479610b9914be> <http://www.openannotation.org/ns/hasTarget> <http://connectme.at/fragment/8faf71480bf85302b16479610b9914be> .
<http://connectme.at/annotation/8faf71480bf85302b16479610b9914be> <http://purl.org/dc/terms/creator> <http://matt-open.myopenid.com/> .
<http://connectme.at/annotation/8faf71480bf85302b16479610b9914be> <http://purl.org/dc/terms/created> "2013-06-07T12:28:30+00:00"^^<http://www.w3.org/2001/XMLSchema#dateTime> .
<http://connectme.at/annotation/8faf71480bf85302b16479610b9914be> <http://www.openannotation.org/ns/hasBody> <http://dbpedia.org/resource/Osama_bin_Laden> .
<http://matt-open.myopenid.com/> <http://www.w3.org/1999/02/22-rdf-syntax-ns#type> <http://xmlns.com/foaf/0.1/Person> .
}
WHERE {
	?annotation <http://www.openannotation.org/ns/hasTarget> ?fragment.
	?annotation ?p ?v.
	OPTIONAL {
		?fragment ?r ?s
	}
	FILTER (?fragment = <http://connectme.at/fragment/8faf71480bf85302b16479610b9914be>)
};
INSERT DATA {
  GRAPH <http://devserver.sti2.org/connectme/tmp_video/fahrenheit911> {
<http://devserver.sti2.org/connectme/tmp_video/fahrenheit911> <http://www.w3.org/ns/ma-ont#hasFragment> <http://connectme.at/fragment/c963c5c1809461af8d13168ec9ccbd61> .
<http://connectme.at/fragment/c963c5c1809461af8d13168ec9ccbd61> <http://www.w3.org/1999/02/22-rdf-syntax-ns#type> <http://www.w3.org/ns/ma-ont#MediaFragment> .
<http://connectme.at/fragment/c963c5c1809461af8d13168ec9ccbd61> <http://www.w3.org/ns/ma-ont#locator> "http://devserver.sti2.org/connectme/tmp_video/fahrenheit911.mp4#t=40,50"^^<http://www.w3.org/2001/XMLSchema#anyURI> .
<http://connectme.at/fragment/c963c5c1809461af8d13168ec9ccbd61> <http://www.w3.org/ns/ma-ont#locator> "http://devserver.sti2.org/connectme/tmp_video/fahrenheit911.ogv#t=40,50"^^<http://www.w3.org/2001/XMLSchema#anyURI> .
<http://connectme.at/fragment/c963c5c1809461af8d13168ec9ccbd61> <http://www.w3.org/ns/ma-ont#locator> "http://devserver.sti2.org/connectme/tmp_video/fahrenheit911.webm#t=40,50"^^<http://www.w3.org/2001/XMLSchema#anyURI> .
<http://connectme.at/fragment/c963c5c1809461af8d13168ec9ccbd61> <http://connectme.at/ontology#implicitlyShows> <http://dbpedia.org/resource/George_W._Bush> .
<http://connectme.at/annotation/c963c5c1809461af8d13168ec9ccbd61> <http://www.w3.org/1999/02/22-rdf-syntax-ns#type> <http://www.openannotation.org/ns/Annotation> .
<http://connectme.at/annotation/c963c5c1809461af8d13168ec9ccbd61> <http://www.openannotation.org/ns/hasTarget> <http://connectme.at/fragment/c963c5c1809461af8d13168ec9ccbd61> .
<http://connectme.at/annotation/c963c5c1809461af8d13168ec9ccbd61> <http://purl.org/dc/terms/creator> <http://matt-open.myopenid.com/> .
<http://connectme.at/annotation/c963c5c1809461af8d13168ec9ccbd61> <http://purl.org/dc/terms/created> "2013-06-07T12:28:30+00:00"^^<http://www.w3.org/2001/XMLSchema#dateTime> .
<http://connectme.at/annotation/c963c5c1809461af8d13168ec9ccbd61> <http://www.openannotation.org/ns/hasBody> <http://dbpedia.org/resource/George_W._Bush> .
<http://matt-open.myopenid.com/> <http://www.w3.org/1999/02/22-rdf-syntax-ns#type> <http://xmlns.com/foaf/0.1/Person> .
  }
}
;
INSERT DATA {
  GRAPH <http://devserver.sti2.org/connectme/tmp_video/fahrenheit911> {
<http://devserver.sti2.org/connectme/tmp_video/fahrenheit911> <http://www.w3.org/ns/ma-ont#hasFragment> <http://connectme.at/fragment/c963c5c1809461af8d13168ec9ccbd61> .
<http://connectme.at/fragment/c963c5c1809461af8d13168ec9ccbd61> <http://www.w3.org/1999/02/22-rdf-syntax-ns#type> <http://www.w3.org/ns/ma-ont#MediaFragment> .
<http://connectme.at/fragment/c963c5c1809461af8d13168ec9ccbd61> <http://www.w3.org/ns/ma-ont#locator> "http://devserver.sti2.org/connectme/tmp_video/fahrenheit911.mp4#t=65,75"^^<http://www.w3.org/2001/XMLSchema#anyURI> .
<http://connectme.at/fragment/c963c5c1809461af8d13168ec9ccbd61> <http://www.w3.org/ns/ma-ont#locator> "http://devserver.sti2.org/connectme/tmp_video/fahrenheit911.ogv#t=65,75"^^<http://www.w3.org/2001/XMLSchema#anyURI> .
<http://connectme.at/fragment/c963c5c1809461af8d13168ec9ccbd61> <http://www.w3.org/ns/ma-ont#locator> "http://devserver.sti2.org/connectme/tmp_video/fahrenheit911.webm#t=65,75"^^<http://www.w3.org/2001/XMLSchema#anyURI> .
<http://connectme.at/fragment/c963c5c1809461af8d13168ec9ccbd61> <http://connectme.at/ontology#implicitlyShows> <http://dbpedia.org/resource/Let_the_Eagle_Soar> .
<http://connectme.at/annotation/c963c5c1809461af8d13168ec9ccbd61> <http://www.w3.org/1999/02/22-rdf-syntax-ns#type> <http://www.openannotation.org/ns/Annotation> .
<http://connectme.at/annotation/c963c5c1809461af8d13168ec9ccbd61> <http://www.openannotation.org/ns/hasTarget> <http://connectme.at/fragment/c963c5c1809461af8d13168ec9ccbd61> .
<http://connectme.at/annotation/c963c5c1809461af8d13168ec9ccbd61> <http://purl.org/dc/terms/creator> <http://matt-open.myopenid.com/> .
<http://connectme.at/annotation/c963c5c1809461af8d13168ec9ccbd61> <http://purl.org/dc/terms/created> "2013-06-07T12:28:30+00:00"^^<http://www.w3.org/2001/XMLSchema#dateTime> .
<http://connectme.at/annotation/c963c5c1809461af8d13168ec9ccbd61> <http://www.openannotation.org/ns/hasBody> <http://dbpedia.org/resource/Let_the_Eagle_Soar> .
<http://matt-open.myopenid.com/> <http://www.w3.org/1999/02/22-rdf-syntax-ns#type> <http://xmlns.com/foaf/0.1/Person> .
  }
}
;
INSERT DATA {
  GRAPH <http://devserver.sti2.org/connectme/tmp_video/fahrenheit911> {
<http://devserver.sti2.org/connectme/tmp_video/fahrenheit911> <http://www.w3.org/ns/ma-ont#hasFragment> <http://connectme.at/fragment/dee2ed87fa90b0328cd8583c09b1ab47> .
<http://connectme.at/fragment/dee2ed87fa90b0328cd8583c09b1ab47> <http://www.w3.org/1999/02/22-rdf-syntax-ns#type> <http://www.w3.org/ns/ma-ont#MediaFragment> .
<http://connectme.at/fragment/dee2ed87fa90b0328cd8583c09b1ab47> <http://www.w3.org/ns/ma-ont#locator> "http://devserver.sti2.org/connectme/tmp_video/fahrenheit911.mp4#t=95,105"^^<http://www.w3.org/2001/XMLSchema#anyURI> .
<http://connectme.at/fragment/dee2ed87fa90b0328cd8583c09b1ab47> <http://www.w3.org/ns/ma-ont#locator> "http://devserver.sti2.org/connectme/tmp_video/fahrenheit911.ogv#t=95,105"^^<http://www.w3.org/2001/XMLSchema#anyURI> .
<http://connectme.at/fragment/dee2ed87fa90b0328cd8583c09b1ab47> <http://www.w3.org/ns/ma-ont#locator> "http://devserver.sti2.org/connectme/tmp_video/fahrenheit911.webm#t=95,105"^^<http://www.w3.org/2001/XMLSchema#anyURI> .
<http://connectme.at/fragment/dee2ed87fa90b0328cd8583c09b1ab47> <http://connectme.at/ontology#hasContent> <https://itunes.apple.com/at/movie/fahrenheit-9-11/id469241509> .
<http://connectme.at/annotation/dee2ed87fa90b0328cd8583c09b1ab47> <http://www.w3.org/1999/02/22-rdf-syntax-ns#type> <http://www.w3.org/ns/openannotation/extensions/Bookmark> .
<http://connectme.at/annotation/dee2ed87fa90b0328cd8583c09b1ab47> <http://www.openannotation.org/ns/hasTarget> <http://connectme.at/fragment/dee2ed87fa90b0328cd8583c09b1ab47> .
<http://connectme.at/annotation/dee2ed87fa90b0328cd8583c09b1ab47> <http://purl.org/dc/terms/creator> <http://matt-open.myopenid.com/> .
<http://connectme.at/annotation/dee2ed87fa90b0328cd8583c09b1ab47> <http://purl.org/dc/terms/created> "2013-06-07T12:28:30+00:00"^^<http://www.w3.org/2001/XMLSchema#dateTime> .
<http://connectme.at/annotation/dee2ed87fa90b0328cd8583c09b1ab47> <http://connectme.at/ontology#preferredLabel> "Watch NOW"^^<http://www.w3.org/2001/XMLSchema#string> .
<http://connectme.at/annotation/dee2ed87fa90b0328cd8583c09b1ab47> <http://www.openannotation.org/ns/hasBody> <https://itunes.apple.com/at/movie/fahrenheit-9-11/id469241509> .
<http://matt-open.myopenid.com/> <http://www.w3.org/1999/02/22-rdf-syntax-ns#type> <http://xmlns.com/foaf/0.1/Person> .
  }
}

Code: 200; Message: 