
WITH <http://devserver.sti2.org/connectme/tmp_video/fahrenheit911>
DELETE {
	?annotation ?p ?v.
	?fragment ?r ?s.
	<http://devserver.sti2.org/connectme/tmp_video/fahrenheit911>  <http://www.w3.org/ns/ma-ont#hasFragment> ?fragment.
}
INSERT {
<http://devserver.sti2.org/connectme/tmp_video/fahrenheit911> <http://www.w3.org/ns/ma-ont#hasFragment> <http://connectme.at/fragment/cc540849a54364a6c56367c871aa0e32> .
<http://connectme.at/fragment/cc540849a54364a6c56367c871aa0e32> <http://www.w3.org/1999/02/22-rdf-syntax-ns#type> <http://www.w3.org/ns/ma-ont#MediaFragment> .
<http://connectme.at/fragment/cc540849a54364a6c56367c871aa0e32> <http://www.w3.org/ns/ma-ont#locator> "http://devserver.sti2.org/connectme/tmp_video/fahrenheit911.mp4#t=2,10"^^<http://www.w3.org/2001/XMLSchema#anyURI> .
<http://connectme.at/fragment/cc540849a54364a6c56367c871aa0e32> <http://www.w3.org/ns/ma-ont#locator> "http://devserver.sti2.org/connectme/tmp_video/fahrenheit911.ogv#t=2,10"^^<http://www.w3.org/2001/XMLSchema#anyURI> .
<http://connectme.at/fragment/cc540849a54364a6c56367c871aa0e32> <http://www.w3.org/ns/ma-ont#locator> "http://devserver.sti2.org/connectme/tmp_video/fahrenheit911.webm#t=2,10"^^<http://www.w3.org/2001/XMLSchema#anyURI> .
<http://connectme.at/fragment/cc540849a54364a6c56367c871aa0e32> <http://connectme.at/ontology#implicitlyShows> <http://dbpedia.org/resource/Fahrenheit_9/11> .
<http://connectme.at/annotation/cc540849a54364a6c56367c871aa0e32> <http://www.w3.org/1999/02/22-rdf-syntax-ns#type> <http://www.openannotation.org/ns/Annotation> .
<http://connectme.at/annotation/cc540849a54364a6c56367c871aa0e32> <http://www.openannotation.org/ns/hasTarget> <http://connectme.at/fragment/cc540849a54364a6c56367c871aa0e32> .
<http://connectme.at/annotation/cc540849a54364a6c56367c871aa0e32> <http://purl.org/dc/terms/creator> <http://matt-open.myopenid.com/> .
<http://connectme.at/annotation/cc540849a54364a6c56367c871aa0e32> <http://purl.org/dc/terms/created> "2013-06-06T16:10:09+00:00"^^<http://www.w3.org/2001/XMLSchema#dateTime> .
<http://connectme.at/annotation/cc540849a54364a6c56367c871aa0e32> <http://www.openannotation.org/ns/hasBody> <http://dbpedia.org/resource/Fahrenheit_9/11> .
<http://matt-open.myopenid.com/> <http://www.w3.org/1999/02/22-rdf-syntax-ns#type> <http://xmlns.com/foaf/0.1/Person> .
}
WHERE {
	?annotation <http://www.openannotation.org/ns/hasTarget> ?fragment.
	?annotation ?p ?v.
	OPTIONAL {
		?fragment ?r ?s
	}
	FILTER (?fragment = <http://connectme.at/fragment/cc540849a54364a6c56367c871aa0e32>)
};
WITH <http://devserver.sti2.org/connectme/tmp_video/fahrenheit911>
DELETE {
	?annotation ?p ?v.
	?fragment ?r ?s.
	<http://devserver.sti2.org/connectme/tmp_video/fahrenheit911>  <http://www.w3.org/ns/ma-ont#hasFragment> ?fragment.
}
INSERT {
<http://devserver.sti2.org/connectme/tmp_video/fahrenheit911> <http://www.w3.org/ns/ma-ont#hasFragment> <http://connectme.at/fragment/2c0e68c299821d7131ae8eb1eef5e55d> .
<http://connectme.at/fragment/2c0e68c299821d7131ae8eb1eef5e55d> <http://www.w3.org/1999/02/22-rdf-syntax-ns#type> <http://www.w3.org/ns/ma-ont#MediaFragment> .
<http://connectme.at/fragment/2c0e68c299821d7131ae8eb1eef5e55d> <http://www.w3.org/ns/ma-ont#locator> "http://devserver.sti2.org/connectme/tmp_video/fahrenheit911.mp4#t=10,20"^^<http://www.w3.org/2001/XMLSchema#anyURI> .
<http://connectme.at/fragment/2c0e68c299821d7131ae8eb1eef5e55d> <http://www.w3.org/ns/ma-ont#locator> "http://devserver.sti2.org/connectme/tmp_video/fahrenheit911.ogv#t=10,20"^^<http://www.w3.org/2001/XMLSchema#anyURI> .
<http://connectme.at/fragment/2c0e68c299821d7131ae8eb1eef5e55d> <http://www.w3.org/ns/ma-ont#locator> "http://devserver.sti2.org/connectme/tmp_video/fahrenheit911.webm#t=10,20"^^<http://www.w3.org/2001/XMLSchema#anyURI> .
<http://connectme.at/fragment/2c0e68c299821d7131ae8eb1eef5e55d> <http://connectme.at/ontology#implicitlyShows> <http://dbpedia.org/resource/Michael_Moore> .
<http://connectme.at/annotation/2c0e68c299821d7131ae8eb1eef5e55d> <http://www.w3.org/1999/02/22-rdf-syntax-ns#type> <http://www.openannotation.org/ns/Annotation> .
<http://connectme.at/annotation/2c0e68c299821d7131ae8eb1eef5e55d> <http://www.openannotation.org/ns/hasTarget> <http://connectme.at/fragment/2c0e68c299821d7131ae8eb1eef5e55d> .
<http://connectme.at/annotation/2c0e68c299821d7131ae8eb1eef5e55d> <http://purl.org/dc/terms/creator> <http://matt-open.myopenid.com/> .
<http://connectme.at/annotation/2c0e68c299821d7131ae8eb1eef5e55d> <http://purl.org/dc/terms/created> "2013-06-06T16:10:09+00:00"^^<http://www.w3.org/2001/XMLSchema#dateTime> .
<http://connectme.at/annotation/2c0e68c299821d7131ae8eb1eef5e55d> <http://www.openannotation.org/ns/hasBody> <http://dbpedia.org/resource/Michael_Moore> .
<http://matt-open.myopenid.com/> <http://www.w3.org/1999/02/22-rdf-syntax-ns#type> <http://xmlns.com/foaf/0.1/Person> .
}
WHERE {
	?annotation <http://www.openannotation.org/ns/hasTarget> ?fragment.
	?annotation ?p ?v.
	OPTIONAL {
		?fragment ?r ?s
	}
	FILTER (?fragment = <http://connectme.at/fragment/2c0e68c299821d7131ae8eb1eef5e55d>)
}
Code: 200; Message: 