
INSERT DATA {
  GRAPH <http://devserver.sti2.org/connectme/tmp_video/fahrenheit911> {
<http://devserver.sti2.org/connectme/tmp_video/fahrenheit911> <http://www.w3.org/ns/ma-ont#hasFragment> <http://connectme.at/fragment/284ad3692de7146604fbbcd7a63c2b78> .
<http://connectme.at/fragment/284ad3692de7146604fbbcd7a63c2b78> <http://www.w3.org/1999/02/22-rdf-syntax-ns#type> <http://www.w3.org/ns/ma-ont#MediaFragment> .
<http://connectme.at/fragment/284ad3692de7146604fbbcd7a63c2b78> <http://www.w3.org/ns/ma-ont#locator> "http://devserver.sti2.org/connectme/tmp_video/fahrenheit911.mp4#t=40,50"^^<http://www.w3.org/2001/XMLSchema#anyURI> .
<http://connectme.at/fragment/284ad3692de7146604fbbcd7a63c2b78> <http://www.w3.org/ns/ma-ont#locator> "http://devserver.sti2.org/connectme/tmp_video/fahrenheit911.ogv#t=40,50"^^<http://www.w3.org/2001/XMLSchema#anyURI> .
<http://connectme.at/fragment/284ad3692de7146604fbbcd7a63c2b78> <http://www.w3.org/ns/ma-ont#locator> "http://devserver.sti2.org/connectme/tmp_video/fahrenheit911.webm#t=40,50"^^<http://www.w3.org/2001/XMLSchema#anyURI> .
<http://connectme.at/fragment/284ad3692de7146604fbbcd7a63c2b78> <http://connectme.at/ontology#implicitlyShows> <http://dbpedia.org/resource/George_W._Bush> .
<http://connectme.at/annotation/284ad3692de7146604fbbcd7a63c2b78> <http://www.w3.org/1999/02/22-rdf-syntax-ns#type> <http://www.openannotation.org/ns/Annotation> .
<http://connectme.at/annotation/284ad3692de7146604fbbcd7a63c2b78> <http://www.openannotation.org/ns/hasTarget> <http://connectme.at/fragment/284ad3692de7146604fbbcd7a63c2b78> .
<http://connectme.at/annotation/284ad3692de7146604fbbcd7a63c2b78> <http://purl.org/dc/terms/creator> <http://matt-open.myopenid.com/> .
<http://connectme.at/annotation/284ad3692de7146604fbbcd7a63c2b78> <http://purl.org/dc/terms/created> "2013-06-07T13:04:03+00:00"^^<http://www.w3.org/2001/XMLSchema#dateTime> .
<http://connectme.at/annotation/284ad3692de7146604fbbcd7a63c2b78> <http://www.openannotation.org/ns/hasBody> <http://dbpedia.org/resource/George_W._Bush> .
<http://matt-open.myopenid.com/> <http://www.w3.org/1999/02/22-rdf-syntax-ns#type> <http://xmlns.com/foaf/0.1/Person> .
  }
}
;
INSERT DATA {
  GRAPH <http://devserver.sti2.org/connectme/tmp_video/fahrenheit911> {
<http://devserver.sti2.org/connectme/tmp_video/fahrenheit911> <http://www.w3.org/ns/ma-ont#hasFragment> <http://connectme.at/fragment/9eb5cfe9f555f0e81e18b69d1f5e2877> .
<http://connectme.at/fragment/9eb5cfe9f555f0e81e18b69d1f5e2877> <http://www.w3.org/1999/02/22-rdf-syntax-ns#type> <http://www.w3.org/ns/ma-ont#MediaFragment> .
<http://connectme.at/fragment/9eb5cfe9f555f0e81e18b69d1f5e2877> <http://www.w3.org/ns/ma-ont#locator> "http://devserver.sti2.org/connectme/tmp_video/fahrenheit911.mp4#t=65,75"^^<http://www.w3.org/2001/XMLSchema#anyURI> .
<http://connectme.at/fragment/9eb5cfe9f555f0e81e18b69d1f5e2877> <http://www.w3.org/ns/ma-ont#locator> "http://devserver.sti2.org/connectme/tmp_video/fahrenheit911.ogv#t=65,75"^^<http://www.w3.org/2001/XMLSchema#anyURI> .
<http://connectme.at/fragment/9eb5cfe9f555f0e81e18b69d1f5e2877> <http://www.w3.org/ns/ma-ont#locator> "http://devserver.sti2.org/connectme/tmp_video/fahrenheit911.webm#t=65,75"^^<http://www.w3.org/2001/XMLSchema#anyURI> .
<http://connectme.at/fragment/9eb5cfe9f555f0e81e18b69d1f5e2877> <http://connectme.at/ontology#implicitlyShows> <http://dbpedia.org/resource/Let_the_Eagle_Soar> .
<http://connectme.at/annotation/9eb5cfe9f555f0e81e18b69d1f5e2877> <http://www.w3.org/1999/02/22-rdf-syntax-ns#type> <http://www.openannotation.org/ns/Annotation> .
<http://connectme.at/annotation/9eb5cfe9f555f0e81e18b69d1f5e2877> <http://www.openannotation.org/ns/hasTarget> <http://connectme.at/fragment/9eb5cfe9f555f0e81e18b69d1f5e2877> .
<http://connectme.at/annotation/9eb5cfe9f555f0e81e18b69d1f5e2877> <http://purl.org/dc/terms/creator> <http://matt-open.myopenid.com/> .
<http://connectme.at/annotation/9eb5cfe9f555f0e81e18b69d1f5e2877> <http://purl.org/dc/terms/created> "2013-06-07T13:04:03+00:00"^^<http://www.w3.org/2001/XMLSchema#dateTime> .
<http://connectme.at/annotation/9eb5cfe9f555f0e81e18b69d1f5e2877> <http://www.openannotation.org/ns/hasBody> <http://dbpedia.org/resource/Let_the_Eagle_Soar> .
<http://matt-open.myopenid.com/> <http://www.w3.org/1999/02/22-rdf-syntax-ns#type> <http://xmlns.com/foaf/0.1/Person> .
  }
}
;
INSERT DATA {
  GRAPH <http://devserver.sti2.org/connectme/tmp_video/fahrenheit911> {
<http://devserver.sti2.org/connectme/tmp_video/fahrenheit911> <http://www.w3.org/ns/ma-ont#hasFragment> <http://connectme.at/fragment/e90be75da6fe91e5408a642983dbf031> .
<http://connectme.at/fragment/e90be75da6fe91e5408a642983dbf031> <http://www.w3.org/1999/02/22-rdf-syntax-ns#type> <http://www.w3.org/ns/ma-ont#MediaFragment> .
<http://connectme.at/fragment/e90be75da6fe91e5408a642983dbf031> <http://www.w3.org/ns/ma-ont#locator> "http://devserver.sti2.org/connectme/tmp_video/fahrenheit911.mp4#t=95,105"^^<http://www.w3.org/2001/XMLSchema#anyURI> .
<http://connectme.at/fragment/e90be75da6fe91e5408a642983dbf031> <http://www.w3.org/ns/ma-ont#locator> "http://devserver.sti2.org/connectme/tmp_video/fahrenheit911.ogv#t=95,105"^^<http://www.w3.org/2001/XMLSchema#anyURI> .
<http://connectme.at/fragment/e90be75da6fe91e5408a642983dbf031> <http://www.w3.org/ns/ma-ont#locator> "http://devserver.sti2.org/connectme/tmp_video/fahrenheit911.webm#t=95,105"^^<http://www.w3.org/2001/XMLSchema#anyURI> .
<http://connectme.at/fragment/e90be75da6fe91e5408a642983dbf031> <http://connectme.at/ontology#hasContent> <https://itunes.apple.com/at/movie/fahrenheit-9-11/id469241509> .
<http://connectme.at/annotation/e90be75da6fe91e5408a642983dbf031> <http://www.w3.org/1999/02/22-rdf-syntax-ns#type> <http://www.w3.org/ns/openannotation/extensions/Bookmark> .
<http://connectme.at/annotation/e90be75da6fe91e5408a642983dbf031> <http://www.openannotation.org/ns/hasTarget> <http://connectme.at/fragment/e90be75da6fe91e5408a642983dbf031> .
<http://connectme.at/annotation/e90be75da6fe91e5408a642983dbf031> <http://purl.org/dc/terms/creator> <http://matt-open.myopenid.com/> .
<http://connectme.at/annotation/e90be75da6fe91e5408a642983dbf031> <http://purl.org/dc/terms/created> "2013-06-07T13:04:03+00:00"^^<http://www.w3.org/2001/XMLSchema#dateTime> .
<http://connectme.at/annotation/e90be75da6fe91e5408a642983dbf031> <http://connectme.at/ontology#preferredLabel> "Watch NOW"^^<http://www.w3.org/2001/XMLSchema#string> .
<http://connectme.at/annotation/e90be75da6fe91e5408a642983dbf031> <http://www.openannotation.org/ns/hasBody> <https://itunes.apple.com/at/movie/fahrenheit-9-11/id469241509> .
<http://matt-open.myopenid.com/> <http://www.w3.org/1999/02/22-rdf-syntax-ns#type> <http://xmlns.com/foaf/0.1/Person> .
  }
}
;
DELETE {
	?annotation ?p ?v.
	?fragment ?r ?s.
	<http://devserver.sti2.org/connectme/tmp_video/fahrenheit911>  <http://www.w3.org/ns/ma-ont#hasFragment> ?fragment.
}
WHERE {
	?annotation <http://www.openannotation.org/ns/hasTarget> ?fragment.
	?annotation ?p ?v.
	OPTIONAL {
		?fragment ?r ?s
	}
	FILTER (?fragment = <http://connectme.at/fragment/a7418f95c684c75dd86848ede320ddbb>)
};
DELETE {
	?annotation ?p ?v.
	?fragment ?r ?s.
	<http://devserver.sti2.org/connectme/tmp_video/fahrenheit911>  <http://www.w3.org/ns/ma-ont#hasFragment> ?fragment.
}
WHERE {
	?annotation <http://www.openannotation.org/ns/hasTarget> ?fragment.
	?annotation ?p ?v.
	OPTIONAL {
		?fragment ?r ?s
	}
	FILTER (?fragment = <http://connectme.at/fragment/03161baf5004bc9eee1b0f810ccee39b>)
};
DELETE {
	?annotation ?p ?v.
	?fragment ?r ?s.
	<http://devserver.sti2.org/connectme/tmp_video/fahrenheit911>  <http://www.w3.org/ns/ma-ont#hasFragment> ?fragment.
}
WHERE {
	?annotation <http://www.openannotation.org/ns/hasTarget> ?fragment.
	?annotation ?p ?v.
	OPTIONAL {
		?fragment ?r ?s
	}
	FILTER (?fragment = <http://connectme.at/fragment/d41d897db01b52d3aa8f896e27821dfd>)
}
Code: 200; Message: 