
WITH <http://devserver.sti2.org/connectme/tmp_video/fahrenheit911>
DELETE {
	?annotation ?p ?v.
	?fragment ?r ?s.
	<http://devserver.sti2.org/connectme/tmp_video/fahrenheit911>  <http://www.w3.org/ns/ma-ont#hasFragment> ?fragment.
}
INSERT {
<http://devserver.sti2.org/connectme/tmp_video/fahrenheit911> <http://www.w3.org/ns/ma-ont#hasFragment> <http://connectme.at/fragment/8faf71480bf85302b16479610b9914be> .
<http://connectme.at/fragment/8faf71480bf85302b16479610b9914be> <http://www.w3.org/1999/02/22-rdf-syntax-ns#type> <http://www.w3.org/ns/ma-ont#MediaFragment> .
<http://connectme.at/fragment/8faf71480bf85302b16479610b9914be> <http://www.w3.org/ns/ma-ont#locator> "http://devserver.sti2.org/connectme/tmp_video/fahrenheit911.mp4#t=20,30"^^<http://www.w3.org/2001/XMLSchema#anyURI> .
<http://connectme.at/fragment/8faf71480bf85302b16479610b9914be> <http://www.w3.org/ns/ma-ont#locator> "http://devserver.sti2.org/connectme/tmp_video/fahrenheit911.ogv#t=20,30"^^<http://www.w3.org/2001/XMLSchema#anyURI> .
<http://connectme.at/fragment/8faf71480bf85302b16479610b9914be> <http://www.w3.org/ns/ma-ont#locator> "http://devserver.sti2.org/connectme/tmp_video/fahrenheit911.webm#t=20,30"^^<http://www.w3.org/2001/XMLSchema#anyURI> .
<http://connectme.at/fragment/8faf71480bf85302b16479610b9914be> <http://connectme.at/ontology#implicitlyShows> <http://dbpedia.org/resource/Osama_bin_Laden> .
<http://connectme.at/annotation/8faf71480bf85302b16479610b9914be> <http://www.w3.org/1999/02/22-rdf-syntax-ns#type> <http://www.openannotation.org/ns/Annotation> .
<http://connectme.at/annotation/8faf71480bf85302b16479610b9914be> <http://www.openannotation.org/ns/hasTarget> <http://connectme.at/fragment/8faf71480bf85302b16479610b9914be> .
<http://connectme.at/annotation/8faf71480bf85302b16479610b9914be> <http://purl.org/dc/terms/creator> <http://matt-open.myopenid.com/> .
<http://connectme.at/annotation/8faf71480bf85302b16479610b9914be> <http://purl.org/dc/terms/created> "2013-06-07T13:17:21+00:00"^^<http://www.w3.org/2001/XMLSchema#dateTime> .
<http://connectme.at/annotation/8faf71480bf85302b16479610b9914be> <http://www.openannotation.org/ns/hasBody> <http://dbpedia.org/resource/Osama_bin_Laden> .
<http://matt-open.myopenid.com/> <http://www.w3.org/1999/02/22-rdf-syntax-ns#type> <http://xmlns.com/foaf/0.1/Person> .
}
WHERE {
	?annotation <http://www.openannotation.org/ns/hasTarget> ?fragment.
	?annotation ?p ?v.
	OPTIONAL {
		?fragment ?r ?s
	}
	FILTER (?fragment = <http://connectme.at/fragment/8faf71480bf85302b16479610b9914be>)
};
WITH <http://devserver.sti2.org/connectme/tmp_video/fahrenheit911>
DELETE {
	?annotation ?p ?v.
	?fragment ?r ?s.
	<http://devserver.sti2.org/connectme/tmp_video/fahrenheit911>  <http://www.w3.org/ns/ma-ont#hasFragment> ?fragment.
}
INSERT {
<http://devserver.sti2.org/connectme/tmp_video/fahrenheit911> <http://www.w3.org/ns/ma-ont#hasFragment> <http://connectme.at/fragment/b42445c9a8d18a8d0898935ca1f72c08> .
<http://connectme.at/fragment/b42445c9a8d18a8d0898935ca1f72c08> <http://www.w3.org/1999/02/22-rdf-syntax-ns#type> <http://www.w3.org/ns/ma-ont#MediaFragment> .
<http://connectme.at/fragment/b42445c9a8d18a8d0898935ca1f72c08> <http://www.w3.org/ns/ma-ont#locator> "http://devserver.sti2.org/connectme/tmp_video/fahrenheit911.mp4#t=35,45"^^<http://www.w3.org/2001/XMLSchema#anyURI> .
<http://connectme.at/fragment/b42445c9a8d18a8d0898935ca1f72c08> <http://www.w3.org/ns/ma-ont#locator> "http://devserver.sti2.org/connectme/tmp_video/fahrenheit911.ogv#t=35,45"^^<http://www.w3.org/2001/XMLSchema#anyURI> .
<http://connectme.at/fragment/b42445c9a8d18a8d0898935ca1f72c08> <http://www.w3.org/ns/ma-ont#locator> "http://devserver.sti2.org/connectme/tmp_video/fahrenheit911.webm#t=35,45"^^<http://www.w3.org/2001/XMLSchema#anyURI> .
<http://connectme.at/fragment/b42445c9a8d18a8d0898935ca1f72c08> <http://connectme.at/ontology#implicitlyShows> <http://dbpedia.org/resource/George_W._Bush> .
<http://connectme.at/annotation/b42445c9a8d18a8d0898935ca1f72c08> <http://www.w3.org/1999/02/22-rdf-syntax-ns#type> <http://www.openannotation.org/ns/Annotation> .
<http://connectme.at/annotation/b42445c9a8d18a8d0898935ca1f72c08> <http://www.openannotation.org/ns/hasTarget> <http://connectme.at/fragment/b42445c9a8d18a8d0898935ca1f72c08> .
<http://connectme.at/annotation/b42445c9a8d18a8d0898935ca1f72c08> <http://purl.org/dc/terms/creator> <http://matt-open.myopenid.com/> .
<http://connectme.at/annotation/b42445c9a8d18a8d0898935ca1f72c08> <http://purl.org/dc/terms/created> "2013-06-07T13:17:21+00:00"^^<http://www.w3.org/2001/XMLSchema#dateTime> .
<http://connectme.at/annotation/b42445c9a8d18a8d0898935ca1f72c08> <http://www.openannotation.org/ns/hasBody> <http://dbpedia.org/resource/George_W._Bush> .
<http://matt-open.myopenid.com/> <http://www.w3.org/1999/02/22-rdf-syntax-ns#type> <http://xmlns.com/foaf/0.1/Person> .
}
WHERE {
	?annotation <http://www.openannotation.org/ns/hasTarget> ?fragment.
	?annotation ?p ?v.
	OPTIONAL {
		?fragment ?r ?s
	}
	FILTER (?fragment = <http://connectme.at/fragment/b42445c9a8d18a8d0898935ca1f72c08>)
};
WITH <http://devserver.sti2.org/connectme/tmp_video/fahrenheit911>
DELETE {
	?annotation ?p ?v.
	?fragment ?r ?s.
	<http://devserver.sti2.org/connectme/tmp_video/fahrenheit911>  <http://www.w3.org/ns/ma-ont#hasFragment> ?fragment.
}
INSERT {
<http://devserver.sti2.org/connectme/tmp_video/fahrenheit911> <http://www.w3.org/ns/ma-ont#hasFragment> <http://connectme.at/fragment/c703b236900e050903d21c3178ecdd3d> .
<http://connectme.at/fragment/c703b236900e050903d21c3178ecdd3d> <http://www.w3.org/1999/02/22-rdf-syntax-ns#type> <http://www.w3.org/ns/ma-ont#MediaFragment> .
<http://connectme.at/fragment/c703b236900e050903d21c3178ecdd3d> <http://www.w3.org/ns/ma-ont#locator> "http://devserver.sti2.org/connectme/tmp_video/fahrenheit911.mp4#t=70,80"^^<http://www.w3.org/2001/XMLSchema#anyURI> .
<http://connectme.at/fragment/c703b236900e050903d21c3178ecdd3d> <http://www.w3.org/ns/ma-ont#locator> "http://devserver.sti2.org/connectme/tmp_video/fahrenheit911.ogv#t=70,80"^^<http://www.w3.org/2001/XMLSchema#anyURI> .
<http://connectme.at/fragment/c703b236900e050903d21c3178ecdd3d> <http://www.w3.org/ns/ma-ont#locator> "http://devserver.sti2.org/connectme/tmp_video/fahrenheit911.webm#t=70,80"^^<http://www.w3.org/2001/XMLSchema#anyURI> .
<http://connectme.at/fragment/c703b236900e050903d21c3178ecdd3d> <http://connectme.at/ontology#implicitlyShows> <http://dbpedia.org/resource/Let_the_Eagle_Soar> .
<http://connectme.at/annotation/c703b236900e050903d21c3178ecdd3d> <http://www.w3.org/1999/02/22-rdf-syntax-ns#type> <http://www.openannotation.org/ns/Annotation> .
<http://connectme.at/annotation/c703b236900e050903d21c3178ecdd3d> <http://www.openannotation.org/ns/hasTarget> <http://connectme.at/fragment/c703b236900e050903d21c3178ecdd3d> .
<http://connectme.at/annotation/c703b236900e050903d21c3178ecdd3d> <http://purl.org/dc/terms/creator> <http://matt-open.myopenid.com/> .
<http://connectme.at/annotation/c703b236900e050903d21c3178ecdd3d> <http://purl.org/dc/terms/created> "2013-06-07T13:17:21+00:00"^^<http://www.w3.org/2001/XMLSchema#dateTime> .
<http://connectme.at/annotation/c703b236900e050903d21c3178ecdd3d> <http://www.openannotation.org/ns/hasBody> <http://dbpedia.org/resource/Let_the_Eagle_Soar> .
<http://matt-open.myopenid.com/> <http://www.w3.org/1999/02/22-rdf-syntax-ns#type> <http://xmlns.com/foaf/0.1/Person> .
}
WHERE {
	?annotation <http://www.openannotation.org/ns/hasTarget> ?fragment.
	?annotation ?p ?v.
	OPTIONAL {
		?fragment ?r ?s
	}
	FILTER (?fragment = <http://connectme.at/fragment/c703b236900e050903d21c3178ecdd3d>)
};
WITH <http://devserver.sti2.org/connectme/tmp_video/fahrenheit911>
DELETE {
	?annotation ?p ?v.
	?fragment ?r ?s.
	<http://devserver.sti2.org/connectme/tmp_video/fahrenheit911>  <http://www.w3.org/ns/ma-ont#hasFragment> ?fragment.
}
INSERT {
<http://devserver.sti2.org/connectme/tmp_video/fahrenheit911> <http://www.w3.org/ns/ma-ont#hasFragment> <http://connectme.at/fragment/639a67f6ffc44c60af6919f0358959b3> .
<http://connectme.at/fragment/639a67f6ffc44c60af6919f0358959b3> <http://www.w3.org/1999/02/22-rdf-syntax-ns#type> <http://www.w3.org/ns/ma-ont#MediaFragment> .
<http://connectme.at/fragment/639a67f6ffc44c60af6919f0358959b3> <http://www.w3.org/ns/ma-ont#locator> "http://devserver.sti2.org/connectme/tmp_video/fahrenheit911.mp4#t=55,65"^^<http://www.w3.org/2001/XMLSchema#anyURI> .
<http://connectme.at/fragment/639a67f6ffc44c60af6919f0358959b3> <http://www.w3.org/ns/ma-ont#locator> "http://devserver.sti2.org/connectme/tmp_video/fahrenheit911.ogv#t=55,65"^^<http://www.w3.org/2001/XMLSchema#anyURI> .
<http://connectme.at/fragment/639a67f6ffc44c60af6919f0358959b3> <http://www.w3.org/ns/ma-ont#locator> "http://devserver.sti2.org/connectme/tmp_video/fahrenheit911.webm#t=55,65"^^<http://www.w3.org/2001/XMLSchema#anyURI> .
<http://connectme.at/fragment/639a67f6ffc44c60af6919f0358959b3> <http://connectme.at/ontology#implicitlyShows> <http://dbpedia.org/resource/Michael_Moore> .
<http://connectme.at/annotation/639a67f6ffc44c60af6919f0358959b3> <http://www.w3.org/1999/02/22-rdf-syntax-ns#type> <http://www.openannotation.org/ns/Annotation> .
<http://connectme.at/annotation/639a67f6ffc44c60af6919f0358959b3> <http://www.openannotation.org/ns/hasTarget> <http://connectme.at/fragment/639a67f6ffc44c60af6919f0358959b3> .
<http://connectme.at/annotation/639a67f6ffc44c60af6919f0358959b3> <http://purl.org/dc/terms/creator> <http://matt-open.myopenid.com/> .
<http://connectme.at/annotation/639a67f6ffc44c60af6919f0358959b3> <http://purl.org/dc/terms/created> "2013-06-07T13:17:21+00:00"^^<http://www.w3.org/2001/XMLSchema#dateTime> .
<http://connectme.at/annotation/639a67f6ffc44c60af6919f0358959b3> <http://www.openannotation.org/ns/hasBody> <http://dbpedia.org/resource/Michael_Moore> .
<http://matt-open.myopenid.com/> <http://www.w3.org/1999/02/22-rdf-syntax-ns#type> <http://xmlns.com/foaf/0.1/Person> .
}
WHERE {
	?annotation <http://www.openannotation.org/ns/hasTarget> ?fragment.
	?annotation ?p ?v.
	OPTIONAL {
		?fragment ?r ?s
	}
	FILTER (?fragment = <http://connectme.at/fragment/639a67f6ffc44c60af6919f0358959b3>)
};
WITH <http://devserver.sti2.org/connectme/tmp_video/fahrenheit911>
DELETE {
	?annotation ?p ?v.
	?fragment ?r ?s.
	<http://devserver.sti2.org/connectme/tmp_video/fahrenheit911>  <http://www.w3.org/ns/ma-ont#hasFragment> ?fragment.
}
INSERT {
<http://devserver.sti2.org/connectme/tmp_video/fahrenheit911> <http://www.w3.org/ns/ma-ont#hasFragment> <http://connectme.at/fragment/14fbc5c0b82d9d166792d87121cd5b2d> .
<http://connectme.at/fragment/14fbc5c0b82d9d166792d87121cd5b2d> <http://www.w3.org/1999/02/22-rdf-syntax-ns#type> <http://www.w3.org/ns/ma-ont#MediaFragment> .
<http://connectme.at/fragment/14fbc5c0b82d9d166792d87121cd5b2d> <http://www.w3.org/ns/ma-ont#locator> "http://devserver.sti2.org/connectme/tmp_video/fahrenheit911.mp4#t=45,55"^^<http://www.w3.org/2001/XMLSchema#anyURI> .
<http://connectme.at/fragment/14fbc5c0b82d9d166792d87121cd5b2d> <http://www.w3.org/ns/ma-ont#locator> "http://devserver.sti2.org/connectme/tmp_video/fahrenheit911.ogv#t=45,55"^^<http://www.w3.org/2001/XMLSchema#anyURI> .
<http://connectme.at/fragment/14fbc5c0b82d9d166792d87121cd5b2d> <http://www.w3.org/ns/ma-ont#locator> "http://devserver.sti2.org/connectme/tmp_video/fahrenheit911.webm#t=45,55"^^<http://www.w3.org/2001/XMLSchema#anyURI> .
<http://connectme.at/fragment/14fbc5c0b82d9d166792d87121cd5b2d> <http://connectme.at/ontology#implicitlyShows> <http://sws.geonames.org/4992982> .
<http://connectme.at/annotation/14fbc5c0b82d9d166792d87121cd5b2d> <http://www.w3.org/1999/02/22-rdf-syntax-ns#type> <http://www.openannotation.org/ns/Annotation> .
<http://connectme.at/annotation/14fbc5c0b82d9d166792d87121cd5b2d> <http://www.openannotation.org/ns/hasTarget> <http://connectme.at/fragment/14fbc5c0b82d9d166792d87121cd5b2d> .
<http://connectme.at/annotation/14fbc5c0b82d9d166792d87121cd5b2d> <http://purl.org/dc/terms/creator> <http://matt-open.myopenid.com/> .
<http://connectme.at/annotation/14fbc5c0b82d9d166792d87121cd5b2d> <http://purl.org/dc/terms/created> "2013-06-07T13:17:21+00:00"^^<http://www.w3.org/2001/XMLSchema#dateTime> .
<http://connectme.at/annotation/14fbc5c0b82d9d166792d87121cd5b2d> <http://www.openannotation.org/ns/hasBody> <http://sws.geonames.org/4992982> .
<http://matt-open.myopenid.com/> <http://www.w3.org/1999/02/22-rdf-syntax-ns#type> <http://xmlns.com/foaf/0.1/Person> .
}
WHERE {
	?annotation <http://www.openannotation.org/ns/hasTarget> ?fragment.
	?annotation ?p ?v.
	OPTIONAL {
		?fragment ?r ?s
	}
	FILTER (?fragment = <http://connectme.at/fragment/14fbc5c0b82d9d166792d87121cd5b2d>)
};
WITH <http://devserver.sti2.org/connectme/tmp_video/fahrenheit911>
DELETE {
	?annotation ?p ?v.
	?fragment ?r ?s.
	<http://devserver.sti2.org/connectme/tmp_video/fahrenheit911>  <http://www.w3.org/ns/ma-ont#hasFragment> ?fragment.
}
INSERT {
<http://devserver.sti2.org/connectme/tmp_video/fahrenheit911> <http://www.w3.org/ns/ma-ont#hasFragment> <http://connectme.at/fragment/f4dde658a71dc61712e496a53fe44b6c> .
<http://connectme.at/fragment/f4dde658a71dc61712e496a53fe44b6c> <http://www.w3.org/1999/02/22-rdf-syntax-ns#type> <http://www.w3.org/ns/ma-ont#MediaFragment> .
<http://connectme.at/fragment/f4dde658a71dc61712e496a53fe44b6c> <http://www.w3.org/ns/ma-ont#locator> "http://devserver.sti2.org/connectme/tmp_video/fahrenheit911.mp4#t=90,100"^^<http://www.w3.org/2001/XMLSchema#anyURI> .
<http://connectme.at/fragment/f4dde658a71dc61712e496a53fe44b6c> <http://www.w3.org/ns/ma-ont#locator> "http://devserver.sti2.org/connectme/tmp_video/fahrenheit911.ogv#t=90,100"^^<http://www.w3.org/2001/XMLSchema#anyURI> .
<http://connectme.at/fragment/f4dde658a71dc61712e496a53fe44b6c> <http://www.w3.org/ns/ma-ont#locator> "http://devserver.sti2.org/connectme/tmp_video/fahrenheit911.webm#t=90,100"^^<http://www.w3.org/2001/XMLSchema#anyURI> .
<http://connectme.at/fragment/f4dde658a71dc61712e496a53fe44b6c> <http://connectme.at/ontology#hasContent> <https://itunes.apple.com/at/movie/fahrenheit-9-11/id469241509> .
<http://connectme.at/annotation/f4dde658a71dc61712e496a53fe44b6c> <http://www.w3.org/1999/02/22-rdf-syntax-ns#type> <http://www.w3.org/ns/openannotation/extensions/Bookmark> .
<http://connectme.at/annotation/f4dde658a71dc61712e496a53fe44b6c> <http://www.openannotation.org/ns/hasTarget> <http://connectme.at/fragment/f4dde658a71dc61712e496a53fe44b6c> .
<http://connectme.at/annotation/f4dde658a71dc61712e496a53fe44b6c> <http://purl.org/dc/terms/creator> <http://matt-open.myopenid.com/> .
<http://connectme.at/annotation/f4dde658a71dc61712e496a53fe44b6c> <http://purl.org/dc/terms/created> "2013-06-07T13:17:21+00:00"^^<http://www.w3.org/2001/XMLSchema#dateTime> .
<http://connectme.at/annotation/f4dde658a71dc61712e496a53fe44b6c> <http://connectme.at/ontology#preferredLabel> "Watch NOW"^^<http://www.w3.org/2001/XMLSchema#string> .
<http://connectme.at/annotation/f4dde658a71dc61712e496a53fe44b6c> <http://www.openannotation.org/ns/hasBody> <https://itunes.apple.com/at/movie/fahrenheit-9-11/id469241509> .
<http://matt-open.myopenid.com/> <http://www.w3.org/1999/02/22-rdf-syntax-ns#type> <http://xmlns.com/foaf/0.1/Person> .
}
WHERE {
	?annotation <http://www.openannotation.org/ns/hasTarget> ?fragment.
	?annotation ?p ?v.
	OPTIONAL {
		?fragment ?r ?s
	}
	FILTER (?fragment = <http://connectme.at/fragment/f4dde658a71dc61712e496a53fe44b6c>)
}
Code: 200; Message: 