
WITH <http://mediaserver2.experimedia.eu/ex5/encoded/95ebd517e1814fb4b33b9066933f404b/95ebd517e1814fb4b33b9066933f404b>
DELETE {
	?annotation ?p ?v.
	?fragment ?r ?s.
	<http://mediaserver2.experimedia.eu/ex5/encoded/95ebd517e1814fb4b33b9066933f404b/95ebd517e1814fb4b33b9066933f404b>  <http://www.w3.org/ns/ma-ont#hasFragment> ?fragment.
}
INSERT {
<http://mediaserver2.experimedia.eu/ex5/encoded/95ebd517e1814fb4b33b9066933f404b/95ebd517e1814fb4b33b9066933f404b> <http://www.w3.org/ns/ma-ont#hasFragment> <http://connectme.at/fragment/688ef577eb011c76a93353322dcbbc37> .
<http://connectme.at/fragment/688ef577eb011c76a93353322dcbbc37> <http://www.w3.org/1999/02/22-rdf-syntax-ns#type> <http://www.w3.org/ns/ma-ont#MediaFragment> .
<http://connectme.at/fragment/688ef577eb011c76a93353322dcbbc37> <http://www.w3.org/ns/ma-ont#locator> "http://mediaserver2.experimedia.eu/ex5/encoded/95ebd517e1814fb4b33b9066933f404b/95ebd517e1814fb4b33b9066933f404b.webm#t=53,63"^^<http://www.w3.org/2001/XMLSchema#anyURI> .
<http://connectme.at/fragment/688ef577eb011c76a93353322dcbbc37> <http://connectme.at/ontology#implicitlyShows> <http://dbpedia.org/resource/Sledding> .
<http://connectme.at/annotation/688ef577eb011c76a93353322dcbbc37> <http://www.w3.org/1999/02/22-rdf-syntax-ns#type> <http://www.openannotation.org/ns/Annotation> .
<http://connectme.at/annotation/688ef577eb011c76a93353322dcbbc37> <http://www.openannotation.org/ns/hasTarget> <http://connectme.at/fragment/688ef577eb011c76a93353322dcbbc37> .
<http://connectme.at/annotation/688ef577eb011c76a93353322dcbbc37> <http://purl.org/dc/terms/creator> <http://matt-open.myopenid.com/> .
<http://connectme.at/annotation/688ef577eb011c76a93353322dcbbc37> <http://purl.org/dc/terms/created> "2013-06-18T14:50:48+00:00"^^<http://www.w3.org/2001/XMLSchema#dateTime> .
<http://connectme.at/annotation/688ef577eb011c76a93353322dcbbc37> <http://www.openannotation.org/ns/hasBody> <http://dbpedia.org/resource/Sledding> .
<http://matt-open.myopenid.com/> <http://www.w3.org/1999/02/22-rdf-syntax-ns#type> <http://xmlns.com/foaf/0.1/Person> .
}
WHERE {
	?annotation <http://www.openannotation.org/ns/hasTarget> ?fragment.
	?annotation ?p ?v.
	OPTIONAL {
		?fragment ?r ?s
	}
	FILTER (?fragment = <http://connectme.at/fragment/688ef577eb011c76a93353322dcbbc37>)
};
WITH <http://mediaserver2.experimedia.eu/ex5/encoded/95ebd517e1814fb4b33b9066933f404b/95ebd517e1814fb4b33b9066933f404b>
DELETE {
	?annotation ?p ?v.
	?fragment ?r ?s.
	<http://mediaserver2.experimedia.eu/ex5/encoded/95ebd517e1814fb4b33b9066933f404b/95ebd517e1814fb4b33b9066933f404b>  <http://www.w3.org/ns/ma-ont#hasFragment> ?fragment.
}
INSERT {
<http://mediaserver2.experimedia.eu/ex5/encoded/95ebd517e1814fb4b33b9066933f404b/95ebd517e1814fb4b33b9066933f404b> <http://www.w3.org/ns/ma-ont#hasFragment> <http://connectme.at/fragment/a1c1557dbbcfbb6df16e09943fc0161c> .
<http://connectme.at/fragment/a1c1557dbbcfbb6df16e09943fc0161c> <http://www.w3.org/1999/02/22-rdf-syntax-ns#type> <http://www.w3.org/ns/ma-ont#MediaFragment> .
<http://connectme.at/fragment/a1c1557dbbcfbb6df16e09943fc0161c> <http://www.w3.org/ns/ma-ont#locator> "http://mediaserver2.experimedia.eu/ex5/encoded/95ebd517e1814fb4b33b9066933f404b/95ebd517e1814fb4b33b9066933f404b.webm#t=53,63"^^<http://www.w3.org/2001/XMLSchema#anyURI> .
<http://connectme.at/fragment/a1c1557dbbcfbb6df16e09943fc0161c> <http://connectme.at/ontology#implicitlyShows> <http://dbpedia.org/resource/Go-Karting> .
<http://connectme.at/annotation/a1c1557dbbcfbb6df16e09943fc0161c> <http://www.w3.org/1999/02/22-rdf-syntax-ns#type> <http://www.openannotation.org/ns/Annotation> .
<http://connectme.at/annotation/a1c1557dbbcfbb6df16e09943fc0161c> <http://www.openannotation.org/ns/hasTarget> <http://connectme.at/fragment/a1c1557dbbcfbb6df16e09943fc0161c> .
<http://connectme.at/annotation/a1c1557dbbcfbb6df16e09943fc0161c> <http://purl.org/dc/terms/creator> <http://matt-open.myopenid.com/> .
<http://connectme.at/annotation/a1c1557dbbcfbb6df16e09943fc0161c> <http://purl.org/dc/terms/created> "2013-06-18T14:50:48+00:00"^^<http://www.w3.org/2001/XMLSchema#dateTime> .
<http://connectme.at/annotation/a1c1557dbbcfbb6df16e09943fc0161c> <http://www.openannotation.org/ns/hasBody> <http://dbpedia.org/resource/Go-Karting> .
<http://matt-open.myopenid.com/> <http://www.w3.org/1999/02/22-rdf-syntax-ns#type> <http://xmlns.com/foaf/0.1/Person> .
}
WHERE {
	?annotation <http://www.openannotation.org/ns/hasTarget> ?fragment.
	?annotation ?p ?v.
	OPTIONAL {
		?fragment ?r ?s
	}
	FILTER (?fragment = <http://connectme.at/fragment/a1c1557dbbcfbb6df16e09943fc0161c>)
};
WITH <http://mediaserver2.experimedia.eu/ex5/encoded/95ebd517e1814fb4b33b9066933f404b/95ebd517e1814fb4b33b9066933f404b>
DELETE {
	?annotation ?p ?v.
	?fragment ?r ?s.
	<http://mediaserver2.experimedia.eu/ex5/encoded/95ebd517e1814fb4b33b9066933f404b/95ebd517e1814fb4b33b9066933f404b>  <http://www.w3.org/ns/ma-ont#hasFragment> ?fragment.
}
INSERT {
<http://mediaserver2.experimedia.eu/ex5/encoded/95ebd517e1814fb4b33b9066933f404b/95ebd517e1814fb4b33b9066933f404b> <http://www.w3.org/ns/ma-ont#hasFragment> <http://connectme.at/fragment/e602e3e3035425734f05aa569d34a50a> .
<http://connectme.at/fragment/e602e3e3035425734f05aa569d34a50a> <http://www.w3.org/1999/02/22-rdf-syntax-ns#type> <http://www.w3.org/ns/ma-ont#MediaFragment> .
<http://connectme.at/fragment/e602e3e3035425734f05aa569d34a50a> <http://www.w3.org/ns/ma-ont#locator> "http://mediaserver2.experimedia.eu/ex5/encoded/95ebd517e1814fb4b33b9066933f404b/95ebd517e1814fb4b33b9066933f404b.webm#t=66,77"^^<http://www.w3.org/2001/XMLSchema#anyURI> .
<http://connectme.at/fragment/e602e3e3035425734f05aa569d34a50a> <http://connectme.at/ontology#implicitlyShows> <http://dbpedia.org/resource/Downhill_mountain_biking> .
<http://connectme.at/annotation/e602e3e3035425734f05aa569d34a50a> <http://www.w3.org/1999/02/22-rdf-syntax-ns#type> <http://www.openannotation.org/ns/Annotation> .
<http://connectme.at/annotation/e602e3e3035425734f05aa569d34a50a> <http://www.openannotation.org/ns/hasTarget> <http://connectme.at/fragment/e602e3e3035425734f05aa569d34a50a> .
<http://connectme.at/annotation/e602e3e3035425734f05aa569d34a50a> <http://purl.org/dc/terms/creator> <http://matt-open.myopenid.com/> .
<http://connectme.at/annotation/e602e3e3035425734f05aa569d34a50a> <http://purl.org/dc/terms/created> "2013-06-18T14:50:48+00:00"^^<http://www.w3.org/2001/XMLSchema#dateTime> .
<http://connectme.at/annotation/e602e3e3035425734f05aa569d34a50a> <http://www.openannotation.org/ns/hasBody> <http://dbpedia.org/resource/Downhill_mountain_biking> .
<http://matt-open.myopenid.com/> <http://www.w3.org/1999/02/22-rdf-syntax-ns#type> <http://xmlns.com/foaf/0.1/Person> .
}
WHERE {
	?annotation <http://www.openannotation.org/ns/hasTarget> ?fragment.
	?annotation ?p ?v.
	OPTIONAL {
		?fragment ?r ?s
	}
	FILTER (?fragment = <http://connectme.at/fragment/e602e3e3035425734f05aa569d34a50a>)
};
WITH <http://mediaserver2.experimedia.eu/ex5/encoded/95ebd517e1814fb4b33b9066933f404b/95ebd517e1814fb4b33b9066933f404b>
DELETE {
	?annotation ?p ?v.
	?fragment ?r ?s.
	<http://mediaserver2.experimedia.eu/ex5/encoded/95ebd517e1814fb4b33b9066933f404b/95ebd517e1814fb4b33b9066933f404b>  <http://www.w3.org/ns/ma-ont#hasFragment> ?fragment.
}
INSERT {
<http://mediaserver2.experimedia.eu/ex5/encoded/95ebd517e1814fb4b33b9066933f404b/95ebd517e1814fb4b33b9066933f404b> <http://www.w3.org/ns/ma-ont#hasFragment> <http://connectme.at/fragment/637e6ae39e695740e40a7fa58633132d> .
<http://connectme.at/fragment/637e6ae39e695740e40a7fa58633132d> <http://www.w3.org/1999/02/22-rdf-syntax-ns#type> <http://www.w3.org/ns/ma-ont#MediaFragment> .
<http://connectme.at/fragment/637e6ae39e695740e40a7fa58633132d> <http://www.w3.org/ns/ma-ont#locator> "http://mediaserver2.experimedia.eu/ex5/encoded/95ebd517e1814fb4b33b9066933f404b/95ebd517e1814fb4b33b9066933f404b.webm#t=105,116"^^<http://www.w3.org/2001/XMLSchema#anyURI> .
<http://connectme.at/fragment/637e6ae39e695740e40a7fa58633132d> <http://connectme.at/ontology#implicitlyShows> <http://dbpedia.org/resource/Rock_climbing> .
<http://connectme.at/annotation/637e6ae39e695740e40a7fa58633132d> <http://www.w3.org/1999/02/22-rdf-syntax-ns#type> <http://www.openannotation.org/ns/Annotation> .
<http://connectme.at/annotation/637e6ae39e695740e40a7fa58633132d> <http://www.openannotation.org/ns/hasTarget> <http://connectme.at/fragment/637e6ae39e695740e40a7fa58633132d> .
<http://connectme.at/annotation/637e6ae39e695740e40a7fa58633132d> <http://purl.org/dc/terms/creator> <http://matt-open.myopenid.com/> .
<http://connectme.at/annotation/637e6ae39e695740e40a7fa58633132d> <http://purl.org/dc/terms/created> "2013-06-18T14:50:49+00:00"^^<http://www.w3.org/2001/XMLSchema#dateTime> .
<http://connectme.at/annotation/637e6ae39e695740e40a7fa58633132d> <http://www.openannotation.org/ns/hasBody> <http://dbpedia.org/resource/Rock_climbing> .
<http://matt-open.myopenid.com/> <http://www.w3.org/1999/02/22-rdf-syntax-ns#type> <http://xmlns.com/foaf/0.1/Person> .
}
WHERE {
	?annotation <http://www.openannotation.org/ns/hasTarget> ?fragment.
	?annotation ?p ?v.
	OPTIONAL {
		?fragment ?r ?s
	}
	FILTER (?fragment = <http://connectme.at/fragment/637e6ae39e695740e40a7fa58633132d>)
};
WITH <http://mediaserver2.experimedia.eu/ex5/encoded/95ebd517e1814fb4b33b9066933f404b/95ebd517e1814fb4b33b9066933f404b>
DELETE {
	?annotation ?p ?v.
	?fragment ?r ?s.
	<http://mediaserver2.experimedia.eu/ex5/encoded/95ebd517e1814fb4b33b9066933f404b/95ebd517e1814fb4b33b9066933f404b>  <http://www.w3.org/ns/ma-ont#hasFragment> ?fragment.
}
INSERT {
<http://mediaserver2.experimedia.eu/ex5/encoded/95ebd517e1814fb4b33b9066933f404b/95ebd517e1814fb4b33b9066933f404b> <http://www.w3.org/ns/ma-ont#hasFragment> <http://connectme.at/fragment/325a7ebb16b7b99af56da2a33e9fd791> .
<http://connectme.at/fragment/325a7ebb16b7b99af56da2a33e9fd791> <http://www.w3.org/1999/02/22-rdf-syntax-ns#type> <http://www.w3.org/ns/ma-ont#MediaFragment> .
<http://connectme.at/fragment/325a7ebb16b7b99af56da2a33e9fd791> <http://www.w3.org/ns/ma-ont#locator> "http://mediaserver2.experimedia.eu/ex5/encoded/95ebd517e1814fb4b33b9066933f404b/95ebd517e1814fb4b33b9066933f404b.webm#t=120,129"^^<http://www.w3.org/2001/XMLSchema#anyURI> .
<http://connectme.at/fragment/325a7ebb16b7b99af56da2a33e9fd791> <http://connectme.at/ontology#implicitlyShows> <http://dbpedia.org/resource/Paragliding> .
<http://connectme.at/annotation/325a7ebb16b7b99af56da2a33e9fd791> <http://www.w3.org/1999/02/22-rdf-syntax-ns#type> <http://www.openannotation.org/ns/Annotation> .
<http://connectme.at/annotation/325a7ebb16b7b99af56da2a33e9fd791> <http://www.openannotation.org/ns/hasTarget> <http://connectme.at/fragment/325a7ebb16b7b99af56da2a33e9fd791> .
<http://connectme.at/annotation/325a7ebb16b7b99af56da2a33e9fd791> <http://purl.org/dc/terms/creator> <http://matt-open.myopenid.com/> .
<http://connectme.at/annotation/325a7ebb16b7b99af56da2a33e9fd791> <http://purl.org/dc/terms/created> "2013-06-18T14:50:49+00:00"^^<http://www.w3.org/2001/XMLSchema#dateTime> .
<http://connectme.at/annotation/325a7ebb16b7b99af56da2a33e9fd791> <http://www.openannotation.org/ns/hasBody> <http://dbpedia.org/resource/Paragliding> .
<http://matt-open.myopenid.com/> <http://www.w3.org/1999/02/22-rdf-syntax-ns#type> <http://xmlns.com/foaf/0.1/Person> .
}
WHERE {
	?annotation <http://www.openannotation.org/ns/hasTarget> ?fragment.
	?annotation ?p ?v.
	OPTIONAL {
		?fragment ?r ?s
	}
	FILTER (?fragment = <http://connectme.at/fragment/325a7ebb16b7b99af56da2a33e9fd791>)
};
WITH <http://mediaserver2.experimedia.eu/ex5/encoded/95ebd517e1814fb4b33b9066933f404b/95ebd517e1814fb4b33b9066933f404b>
DELETE {
	?annotation ?p ?v.
	?fragment ?r ?s.
	<http://mediaserver2.experimedia.eu/ex5/encoded/95ebd517e1814fb4b33b9066933f404b/95ebd517e1814fb4b33b9066933f404b>  <http://www.w3.org/ns/ma-ont#hasFragment> ?fragment.
}
INSERT {
<http://mediaserver2.experimedia.eu/ex5/encoded/95ebd517e1814fb4b33b9066933f404b/95ebd517e1814fb4b33b9066933f404b> <http://www.w3.org/ns/ma-ont#hasFragment> <http://connectme.at/fragment/0cc0693c469f1baf1bd64fc54eba9cf2> .
<http://connectme.at/fragment/0cc0693c469f1baf1bd64fc54eba9cf2> <http://www.w3.org/1999/02/22-rdf-syntax-ns#type> <http://www.w3.org/ns/ma-ont#MediaFragment> .
<http://connectme.at/fragment/0cc0693c469f1baf1bd64fc54eba9cf2> <http://www.w3.org/ns/ma-ont#locator> "http://mediaserver2.experimedia.eu/ex5/encoded/95ebd517e1814fb4b33b9066933f404b/95ebd517e1814fb4b33b9066933f404b.webm#t=130,135"^^<http://www.w3.org/2001/XMLSchema#anyURI> .
<http://connectme.at/fragment/0cc0693c469f1baf1bd64fc54eba9cf2> <http://connectme.at/ontology#implicitlyShows> <http://dbpedia.org/resource/Archery> .
<http://connectme.at/annotation/0cc0693c469f1baf1bd64fc54eba9cf2> <http://www.w3.org/1999/02/22-rdf-syntax-ns#type> <http://www.openannotation.org/ns/Annotation> .
<http://connectme.at/annotation/0cc0693c469f1baf1bd64fc54eba9cf2> <http://www.openannotation.org/ns/hasTarget> <http://connectme.at/fragment/0cc0693c469f1baf1bd64fc54eba9cf2> .
<http://connectme.at/annotation/0cc0693c469f1baf1bd64fc54eba9cf2> <http://purl.org/dc/terms/creator> <http://matt-open.myopenid.com/> .
<http://connectme.at/annotation/0cc0693c469f1baf1bd64fc54eba9cf2> <http://purl.org/dc/terms/created> "2013-06-18T14:50:49+00:00"^^<http://www.w3.org/2001/XMLSchema#dateTime> .
<http://connectme.at/annotation/0cc0693c469f1baf1bd64fc54eba9cf2> <http://www.openannotation.org/ns/hasBody> <http://dbpedia.org/resource/Archery> .
<http://matt-open.myopenid.com/> <http://www.w3.org/1999/02/22-rdf-syntax-ns#type> <http://xmlns.com/foaf/0.1/Person> .
}
WHERE {
	?annotation <http://www.openannotation.org/ns/hasTarget> ?fragment.
	?annotation ?p ?v.
	OPTIONAL {
		?fragment ?r ?s
	}
	FILTER (?fragment = <http://connectme.at/fragment/0cc0693c469f1baf1bd64fc54eba9cf2>)
};
WITH <http://mediaserver2.experimedia.eu/ex5/encoded/95ebd517e1814fb4b33b9066933f404b/95ebd517e1814fb4b33b9066933f404b>
DELETE {
	?annotation ?p ?v.
	?fragment ?r ?s.
	<http://mediaserver2.experimedia.eu/ex5/encoded/95ebd517e1814fb4b33b9066933f404b/95ebd517e1814fb4b33b9066933f404b>  <http://www.w3.org/ns/ma-ont#hasFragment> ?fragment.
}
INSERT {
<http://mediaserver2.experimedia.eu/ex5/encoded/95ebd517e1814fb4b33b9066933f404b/95ebd517e1814fb4b33b9066933f404b> <http://www.w3.org/ns/ma-ont#hasFragment> <http://connectme.at/fragment/35f00658d6b75e7af5dddf43ca76b6f3> .
<http://connectme.at/fragment/35f00658d6b75e7af5dddf43ca76b6f3> <http://www.w3.org/1999/02/22-rdf-syntax-ns#type> <http://www.w3.org/ns/ma-ont#MediaFragment> .
<http://connectme.at/fragment/35f00658d6b75e7af5dddf43ca76b6f3> <http://www.w3.org/ns/ma-ont#locator> "http://mediaserver2.experimedia.eu/ex5/encoded/95ebd517e1814fb4b33b9066933f404b/95ebd517e1814fb4b33b9066933f404b.webm#t=137,150"^^<http://www.w3.org/2001/XMLSchema#anyURI> .
<http://connectme.at/fragment/35f00658d6b75e7af5dddf43ca76b6f3> <http://connectme.at/ontology#implicitlyShows> <http://dbpedia.org/resource/Rafting> .
<http://connectme.at/annotation/35f00658d6b75e7af5dddf43ca76b6f3> <http://www.w3.org/1999/02/22-rdf-syntax-ns#type> <http://www.openannotation.org/ns/Annotation> .
<http://connectme.at/annotation/35f00658d6b75e7af5dddf43ca76b6f3> <http://www.openannotation.org/ns/hasTarget> <http://connectme.at/fragment/35f00658d6b75e7af5dddf43ca76b6f3> .
<http://connectme.at/annotation/35f00658d6b75e7af5dddf43ca76b6f3> <http://purl.org/dc/terms/creator> <http://matt-open.myopenid.com/> .
<http://connectme.at/annotation/35f00658d6b75e7af5dddf43ca76b6f3> <http://purl.org/dc/terms/created> "2013-06-18T14:50:49+00:00"^^<http://www.w3.org/2001/XMLSchema#dateTime> .
<http://connectme.at/annotation/35f00658d6b75e7af5dddf43ca76b6f3> <http://www.openannotation.org/ns/hasBody> <http://dbpedia.org/resource/Rafting> .
<http://matt-open.myopenid.com/> <http://www.w3.org/1999/02/22-rdf-syntax-ns#type> <http://xmlns.com/foaf/0.1/Person> .
}
WHERE {
	?annotation <http://www.openannotation.org/ns/hasTarget> ?fragment.
	?annotation ?p ?v.
	OPTIONAL {
		?fragment ?r ?s
	}
	FILTER (?fragment = <http://connectme.at/fragment/35f00658d6b75e7af5dddf43ca76b6f3>)
};
WITH <http://mediaserver2.experimedia.eu/ex5/encoded/95ebd517e1814fb4b33b9066933f404b/95ebd517e1814fb4b33b9066933f404b>
DELETE {
	?annotation ?p ?v.
	?fragment ?r ?s.
	<http://mediaserver2.experimedia.eu/ex5/encoded/95ebd517e1814fb4b33b9066933f404b/95ebd517e1814fb4b33b9066933f404b>  <http://www.w3.org/ns/ma-ont#hasFragment> ?fragment.
}
INSERT {
<http://mediaserver2.experimedia.eu/ex5/encoded/95ebd517e1814fb4b33b9066933f404b/95ebd517e1814fb4b33b9066933f404b> <http://www.w3.org/ns/ma-ont#hasFragment> <http://connectme.at/fragment/68dea414468b79830c30a639adc9b40e> .
<http://connectme.at/fragment/68dea414468b79830c30a639adc9b40e> <http://www.w3.org/1999/02/22-rdf-syntax-ns#type> <http://www.w3.org/ns/ma-ont#MediaFragment> .
<http://connectme.at/fragment/68dea414468b79830c30a639adc9b40e> <http://www.w3.org/ns/ma-ont#locator> "http://mediaserver2.experimedia.eu/ex5/encoded/95ebd517e1814fb4b33b9066933f404b/95ebd517e1814fb4b33b9066933f404b.webm#t=140,145"^^<http://www.w3.org/2001/XMLSchema#anyURI> .
<http://connectme.at/fragment/68dea414468b79830c30a639adc9b40e> <http://connectme.at/ontology#implicitlyShows> <http://dbpedia.org/resource/Neoprene> .
<http://connectme.at/annotation/68dea414468b79830c30a639adc9b40e> <http://www.w3.org/1999/02/22-rdf-syntax-ns#type> <http://www.openannotation.org/ns/Annotation> .
<http://connectme.at/annotation/68dea414468b79830c30a639adc9b40e> <http://www.openannotation.org/ns/hasTarget> <http://connectme.at/fragment/68dea414468b79830c30a639adc9b40e> .
<http://connectme.at/annotation/68dea414468b79830c30a639adc9b40e> <http://purl.org/dc/terms/creator> <http://matt-open.myopenid.com/> .
<http://connectme.at/annotation/68dea414468b79830c30a639adc9b40e> <http://purl.org/dc/terms/created> "2013-06-18T14:50:49+00:00"^^<http://www.w3.org/2001/XMLSchema#dateTime> .
<http://connectme.at/annotation/68dea414468b79830c30a639adc9b40e> <http://www.openannotation.org/ns/hasBody> <http://dbpedia.org/resource/Neoprene> .
<http://matt-open.myopenid.com/> <http://www.w3.org/1999/02/22-rdf-syntax-ns#type> <http://xmlns.com/foaf/0.1/Person> .
}
WHERE {
	?annotation <http://www.openannotation.org/ns/hasTarget> ?fragment.
	?annotation ?p ?v.
	OPTIONAL {
		?fragment ?r ?s
	}
	FILTER (?fragment = <http://connectme.at/fragment/68dea414468b79830c30a639adc9b40e>)
};
WITH <http://mediaserver2.experimedia.eu/ex5/encoded/95ebd517e1814fb4b33b9066933f404b/95ebd517e1814fb4b33b9066933f404b>
DELETE {
	?annotation ?p ?v.
	?fragment ?r ?s.
	<http://mediaserver2.experimedia.eu/ex5/encoded/95ebd517e1814fb4b33b9066933f404b/95ebd517e1814fb4b33b9066933f404b>  <http://www.w3.org/ns/ma-ont#hasFragment> ?fragment.
}
INSERT {
<http://mediaserver2.experimedia.eu/ex5/encoded/95ebd517e1814fb4b33b9066933f404b/95ebd517e1814fb4b33b9066933f404b> <http://www.w3.org/ns/ma-ont#hasFragment> <http://connectme.at/fragment/3363ca77a3d01fa3b319dd8419b1b7fc> .
<http://connectme.at/fragment/3363ca77a3d01fa3b319dd8419b1b7fc> <http://www.w3.org/1999/02/22-rdf-syntax-ns#type> <http://www.w3.org/ns/ma-ont#MediaFragment> .
<http://connectme.at/fragment/3363ca77a3d01fa3b319dd8419b1b7fc> <http://www.w3.org/ns/ma-ont#locator> "http://mediaserver2.experimedia.eu/ex5/encoded/95ebd517e1814fb4b33b9066933f404b/95ebd517e1814fb4b33b9066933f404b.webm#t=159,170"^^<http://www.w3.org/2001/XMLSchema#anyURI> .
<http://connectme.at/fragment/3363ca77a3d01fa3b319dd8419b1b7fc> <http://connectme.at/ontology#hasContent> <http://www.planai.at/> .
<http://connectme.at/annotation/3363ca77a3d01fa3b319dd8419b1b7fc> <http://www.w3.org/1999/02/22-rdf-syntax-ns#type> <http://www.w3.org/ns/openannotation/extensions/Bookmark> .
<http://connectme.at/annotation/3363ca77a3d01fa3b319dd8419b1b7fc> <http://www.openannotation.org/ns/hasTarget> <http://connectme.at/fragment/3363ca77a3d01fa3b319dd8419b1b7fc> .
<http://connectme.at/annotation/3363ca77a3d01fa3b319dd8419b1b7fc> <http://purl.org/dc/terms/creator> <http://matt-open.myopenid.com/> .
<http://connectme.at/annotation/3363ca77a3d01fa3b319dd8419b1b7fc> <http://purl.org/dc/terms/created> "2013-06-18T14:50:49+00:00"^^<http://www.w3.org/2001/XMLSchema#dateTime> .
<http://connectme.at/annotation/3363ca77a3d01fa3b319dd8419b1b7fc> <http://connectme.at/ontology#preferredLabel> "Planai"^^<http://www.w3.org/2001/XMLSchema#string> .
<http://connectme.at/annotation/3363ca77a3d01fa3b319dd8419b1b7fc> <http://www.openannotation.org/ns/hasBody> <http://www.planai.at/> .
<http://matt-open.myopenid.com/> <http://www.w3.org/1999/02/22-rdf-syntax-ns#type> <http://xmlns.com/foaf/0.1/Person> .
}
WHERE {
	?annotation <http://www.openannotation.org/ns/hasTarget> ?fragment.
	?annotation ?p ?v.
	OPTIONAL {
		?fragment ?r ?s
	}
	FILTER (?fragment = <http://connectme.at/fragment/3363ca77a3d01fa3b319dd8419b1b7fc>)
};
WITH <http://mediaserver2.experimedia.eu/ex5/encoded/95ebd517e1814fb4b33b9066933f404b/95ebd517e1814fb4b33b9066933f404b>
DELETE {
	?annotation ?p ?v.
	?fragment ?r ?s.
	<http://mediaserver2.experimedia.eu/ex5/encoded/95ebd517e1814fb4b33b9066933f404b/95ebd517e1814fb4b33b9066933f404b>  <http://www.w3.org/ns/ma-ont#hasFragment> ?fragment.
}
INSERT {
<http://mediaserver2.experimedia.eu/ex5/encoded/95ebd517e1814fb4b33b9066933f404b/95ebd517e1814fb4b33b9066933f404b> <http://www.w3.org/ns/ma-ont#hasFragment> <http://connectme.at/fragment/280ad33eb70e63311e86ed6b10f1c5f7> .
<http://connectme.at/fragment/280ad33eb70e63311e86ed6b10f1c5f7> <http://www.w3.org/1999/02/22-rdf-syntax-ns#type> <http://www.w3.org/ns/ma-ont#MediaFragment> .
<http://connectme.at/fragment/280ad33eb70e63311e86ed6b10f1c5f7> <http://www.w3.org/ns/ma-ont#locator> "http://mediaserver2.experimedia.eu/ex5/encoded/95ebd517e1814fb4b33b9066933f404b/95ebd517e1814fb4b33b9066933f404b.webm#t=3,11"^^<http://www.w3.org/2001/XMLSchema#anyURI> .
<http://connectme.at/fragment/280ad33eb70e63311e86ed6b10f1c5f7> <http://connectme.at/ontology#implicitlyShows> <http://sws.geonames.org/2768723/> .
<http://connectme.at/annotation/280ad33eb70e63311e86ed6b10f1c5f7> <http://www.w3.org/1999/02/22-rdf-syntax-ns#type> <http://www.openannotation.org/ns/Annotation> .
<http://connectme.at/annotation/280ad33eb70e63311e86ed6b10f1c5f7> <http://www.openannotation.org/ns/hasTarget> <http://connectme.at/fragment/280ad33eb70e63311e86ed6b10f1c5f7> .
<http://connectme.at/annotation/280ad33eb70e63311e86ed6b10f1c5f7> <http://purl.org/dc/terms/creator> <http://matt-open.myopenid.com/> .
<http://connectme.at/annotation/280ad33eb70e63311e86ed6b10f1c5f7> <http://purl.org/dc/terms/created> "2013-06-18T14:50:49+00:00"^^<http://www.w3.org/2001/XMLSchema#dateTime> .
<http://connectme.at/annotation/280ad33eb70e63311e86ed6b10f1c5f7> <http://www.openannotation.org/ns/hasBody> <http://sws.geonames.org/2768723/> .
<http://matt-open.myopenid.com/> <http://www.w3.org/1999/02/22-rdf-syntax-ns#type> <http://xmlns.com/foaf/0.1/Person> .
}
WHERE {
	?annotation <http://www.openannotation.org/ns/hasTarget> ?fragment.
	?annotation ?p ?v.
	OPTIONAL {
		?fragment ?r ?s
	}
	FILTER (?fragment = <http://connectme.at/fragment/280ad33eb70e63311e86ed6b10f1c5f7>)
};
WITH <http://mediaserver2.experimedia.eu/ex5/encoded/95ebd517e1814fb4b33b9066933f404b/95ebd517e1814fb4b33b9066933f404b>
DELETE {
	?annotation ?p ?v.
	?fragment ?r ?s.
	<http://mediaserver2.experimedia.eu/ex5/encoded/95ebd517e1814fb4b33b9066933f404b/95ebd517e1814fb4b33b9066933f404b>  <http://www.w3.org/ns/ma-ont#hasFragment> ?fragment.
}
INSERT {
<http://mediaserver2.experimedia.eu/ex5/encoded/95ebd517e1814fb4b33b9066933f404b/95ebd517e1814fb4b33b9066933f404b> <http://www.w3.org/ns/ma-ont#hasFragment> <http://connectme.at/fragment/5627ec36f0e961a7fffb135fb482cf18> .
<http://connectme.at/fragment/5627ec36f0e961a7fffb135fb482cf18> <http://www.w3.org/1999/02/22-rdf-syntax-ns#type> <http://www.w3.org/ns/ma-ont#MediaFragment> .
<http://connectme.at/fragment/5627ec36f0e961a7fffb135fb482cf18> <http://www.w3.org/ns/ma-ont#locator> "http://mediaserver2.experimedia.eu/ex5/encoded/95ebd517e1814fb4b33b9066933f404b/95ebd517e1814fb4b33b9066933f404b.webm#t=3,11"^^<http://www.w3.org/2001/XMLSchema#anyURI> .
<http://connectme.at/fragment/5627ec36f0e961a7fffb135fb482cf18> <http://connectme.at/ontology#implicitlyShows> <http://sws.geonames.org/2775886/> .
<http://connectme.at/annotation/5627ec36f0e961a7fffb135fb482cf18> <http://www.w3.org/1999/02/22-rdf-syntax-ns#type> <http://www.openannotation.org/ns/Annotation> .
<http://connectme.at/annotation/5627ec36f0e961a7fffb135fb482cf18> <http://www.openannotation.org/ns/hasTarget> <http://connectme.at/fragment/5627ec36f0e961a7fffb135fb482cf18> .
<http://connectme.at/annotation/5627ec36f0e961a7fffb135fb482cf18> <http://purl.org/dc/terms/creator> <http://matt-open.myopenid.com/> .
<http://connectme.at/annotation/5627ec36f0e961a7fffb135fb482cf18> <http://purl.org/dc/terms/created> "2013-06-18T14:50:49+00:00"^^<http://www.w3.org/2001/XMLSchema#dateTime> .
<http://connectme.at/annotation/5627ec36f0e961a7fffb135fb482cf18> <http://www.openannotation.org/ns/hasBody> <http://sws.geonames.org/2775886/> .
<http://matt-open.myopenid.com/> <http://www.w3.org/1999/02/22-rdf-syntax-ns#type> <http://xmlns.com/foaf/0.1/Person> .
}
WHERE {
	?annotation <http://www.openannotation.org/ns/hasTarget> ?fragment.
	?annotation ?p ?v.
	OPTIONAL {
		?fragment ?r ?s
	}
	FILTER (?fragment = <http://connectme.at/fragment/5627ec36f0e961a7fffb135fb482cf18>)
};
WITH <http://mediaserver2.experimedia.eu/ex5/encoded/95ebd517e1814fb4b33b9066933f404b/95ebd517e1814fb4b33b9066933f404b>
DELETE {
	?annotation ?p ?v.
	?fragment ?r ?s.
	<http://mediaserver2.experimedia.eu/ex5/encoded/95ebd517e1814fb4b33b9066933f404b/95ebd517e1814fb4b33b9066933f404b>  <http://www.w3.org/ns/ma-ont#hasFragment> ?fragment.
}
INSERT {
<http://mediaserver2.experimedia.eu/ex5/encoded/95ebd517e1814fb4b33b9066933f404b/95ebd517e1814fb4b33b9066933f404b> <http://www.w3.org/ns/ma-ont#hasFragment> <http://connectme.at/fragment/1c94cc04a5748cc52d3ba2af7d094b30> .
<http://connectme.at/fragment/1c94cc04a5748cc52d3ba2af7d094b30> <http://www.w3.org/1999/02/22-rdf-syntax-ns#type> <http://www.w3.org/ns/ma-ont#MediaFragment> .
<http://connectme.at/fragment/1c94cc04a5748cc52d3ba2af7d094b30> <http://www.w3.org/ns/ma-ont#locator> "http://mediaserver2.experimedia.eu/ex5/encoded/95ebd517e1814fb4b33b9066933f404b/95ebd517e1814fb4b33b9066933f404b.webm#t=3,11"^^<http://www.w3.org/2001/XMLSchema#anyURI> .
<http://connectme.at/fragment/1c94cc04a5748cc52d3ba2af7d094b30> <http://connectme.at/ontology#implicitlyShows> <http://sws.geonames.org/2781124/> .
<http://connectme.at/annotation/1c94cc04a5748cc52d3ba2af7d094b30> <http://www.w3.org/1999/02/22-rdf-syntax-ns#type> <http://www.openannotation.org/ns/Annotation> .
<http://connectme.at/annotation/1c94cc04a5748cc52d3ba2af7d094b30> <http://www.openannotation.org/ns/hasTarget> <http://connectme.at/fragment/1c94cc04a5748cc52d3ba2af7d094b30> .
<http://connectme.at/annotation/1c94cc04a5748cc52d3ba2af7d094b30> <http://purl.org/dc/terms/creator> <http://matt-open.myopenid.com/> .
<http://connectme.at/annotation/1c94cc04a5748cc52d3ba2af7d094b30> <http://purl.org/dc/terms/created> "2013-06-18T14:50:49+00:00"^^<http://www.w3.org/2001/XMLSchema#dateTime> .
<http://connectme.at/annotation/1c94cc04a5748cc52d3ba2af7d094b30> <http://www.openannotation.org/ns/hasBody> <http://sws.geonames.org/2781124/> .
<http://matt-open.myopenid.com/> <http://www.w3.org/1999/02/22-rdf-syntax-ns#type> <http://xmlns.com/foaf/0.1/Person> .
}
WHERE {
	?annotation <http://www.openannotation.org/ns/hasTarget> ?fragment.
	?annotation ?p ?v.
	OPTIONAL {
		?fragment ?r ?s
	}
	FILTER (?fragment = <http://connectme.at/fragment/1c94cc04a5748cc52d3ba2af7d094b30>)
};
WITH <http://mediaserver2.experimedia.eu/ex5/encoded/95ebd517e1814fb4b33b9066933f404b/95ebd517e1814fb4b33b9066933f404b>
DELETE {
	?annotation ?p ?v.
	?fragment ?r ?s.
	<http://mediaserver2.experimedia.eu/ex5/encoded/95ebd517e1814fb4b33b9066933f404b/95ebd517e1814fb4b33b9066933f404b>  <http://www.w3.org/ns/ma-ont#hasFragment> ?fragment.
}
INSERT {
<http://mediaserver2.experimedia.eu/ex5/encoded/95ebd517e1814fb4b33b9066933f404b/95ebd517e1814fb4b33b9066933f404b> <http://www.w3.org/ns/ma-ont#hasFragment> <http://connectme.at/fragment/a1c1557db3cfbb6df16x09943fc0161c> .
<http://connectme.at/fragment/a1c1557db3cfbb6df16x09943fc0161c> <http://www.w3.org/1999/02/22-rdf-syntax-ns#type> <http://www.w3.org/ns/ma-ont#MediaFragment> .
<http://connectme.at/fragment/a1c1557db3cfbb6df16x09943fc0161c> <http://www.w3.org/ns/ma-ont#locator> "http://mediaserver2.experimedia.eu/ex5/encoded/95ebd517e1814fb4b33b9066933f404b/95ebd517e1814fb4b33b9066933f404b.webm#t=77,104"^^<http://www.w3.org/2001/XMLSchema#anyURI> .
<http://connectme.at/fragment/a1c1557db3cfbb6df16x09943fc0161c> <http://connectme.at/ontology#implicitlyShows> <http://www.abenteuerpark-planai.at/semanticweb.rdf#BusinessEntity> .
<http://connectme.at/annotation/a1c1557db3cfbb6df16x09943fc0161c> <http://www.w3.org/1999/02/22-rdf-syntax-ns#type> <http://www.openannotation.org/ns/Annotation> .
<http://connectme.at/annotation/a1c1557db3cfbb6df16x09943fc0161c> <http://www.openannotation.org/ns/hasTarget> <http://connectme.at/fragment/a1c1557db3cfbb6df16x09943fc0161c> .
<http://connectme.at/annotation/a1c1557db3cfbb6df16x09943fc0161c> <http://purl.org/dc/terms/creator> <http://matt-open.myopenid.com/> .
<http://connectme.at/annotation/a1c1557db3cfbb6df16x09943fc0161c> <http://purl.org/dc/terms/created> "2013-06-18T14:50:49+00:00"^^<http://www.w3.org/2001/XMLSchema#dateTime> .
<http://connectme.at/annotation/a1c1557db3cfbb6df16x09943fc0161c> <http://www.openannotation.org/ns/hasBody> <http://www.abenteuerpark-planai.at/semanticweb.rdf#BusinessEntity> .
<http://matt-open.myopenid.com/> <http://www.w3.org/1999/02/22-rdf-syntax-ns#type> <http://xmlns.com/foaf/0.1/Person> .
}
WHERE {
	?annotation <http://www.openannotation.org/ns/hasTarget> ?fragment.
	?annotation ?p ?v.
	OPTIONAL {
		?fragment ?r ?s
	}
	FILTER (?fragment = <http://connectme.at/fragment/a1c1557db3cfbb6df16x09943fc0161c>)
};
WITH <http://mediaserver2.experimedia.eu/ex5/encoded/95ebd517e1814fb4b33b9066933f404b/95ebd517e1814fb4b33b9066933f404b>
DELETE {
	?annotation ?p ?v.
	?fragment ?r ?s.
	<http://mediaserver2.experimedia.eu/ex5/encoded/95ebd517e1814fb4b33b9066933f404b/95ebd517e1814fb4b33b9066933f404b>  <http://www.w3.org/ns/ma-ont#hasFragment> ?fragment.
}
INSERT {
<http://mediaserver2.experimedia.eu/ex5/encoded/95ebd517e1814fb4b33b9066933f404b/95ebd517e1814fb4b33b9066933f404b> <http://www.w3.org/ns/ma-ont#hasFragment> <http://connectme.at/fragment/e602e3e3035425734f05hh569d34a50a> .
<http://connectme.at/fragment/e602e3e3035425734f05hh569d34a50a> <http://www.w3.org/1999/02/22-rdf-syntax-ns#type> <http://www.w3.org/ns/ma-ont#MediaFragment> .
<http://connectme.at/fragment/e602e3e3035425734f05hh569d34a50a> <http://www.w3.org/ns/ma-ont#locator> "http://mediaserver2.experimedia.eu/ex5/encoded/95ebd517e1814fb4b33b9066933f404b/95ebd517e1814fb4b33b9066933f404b.webm#t=120,129"^^<http://www.w3.org/2001/XMLSchema#anyURI> .
<http://connectme.at/fragment/e602e3e3035425734f05hh569d34a50a> <http://connectme.at/ontology#implicitlyShows> <http://www.aufwind.at/en/aufwind/semanticweb.rdf#BusinessEntity> .
<http://connectme.at/annotation/e602e3e3035425734f05hh569d34a50a> <http://www.w3.org/1999/02/22-rdf-syntax-ns#type> <http://www.openannotation.org/ns/Annotation> .
<http://connectme.at/annotation/e602e3e3035425734f05hh569d34a50a> <http://www.openannotation.org/ns/hasTarget> <http://connectme.at/fragment/e602e3e3035425734f05hh569d34a50a> .
<http://connectme.at/annotation/e602e3e3035425734f05hh569d34a50a> <http://purl.org/dc/terms/creator> <http://matt-open.myopenid.com/> .
<http://connectme.at/annotation/e602e3e3035425734f05hh569d34a50a> <http://purl.org/dc/terms/created> "2013-06-18T14:50:49+00:00"^^<http://www.w3.org/2001/XMLSchema#dateTime> .
<http://connectme.at/annotation/e602e3e3035425734f05hh569d34a50a> <http://www.openannotation.org/ns/hasBody> <http://www.aufwind.at/en/aufwind/semanticweb.rdf#BusinessEntity> .
<http://matt-open.myopenid.com/> <http://www.w3.org/1999/02/22-rdf-syntax-ns#type> <http://xmlns.com/foaf/0.1/Person> .
}
WHERE {
	?annotation <http://www.openannotation.org/ns/hasTarget> ?fragment.
	?annotation ?p ?v.
	OPTIONAL {
		?fragment ?r ?s
	}
	FILTER (?fragment = <http://connectme.at/fragment/e602e3e3035425734f05hh569d34a50a>)
};
WITH <http://mediaserver2.experimedia.eu/ex5/encoded/95ebd517e1814fb4b33b9066933f404b/95ebd517e1814fb4b33b9066933f404b>
DELETE {
	?annotation ?p ?v.
	?fragment ?r ?s.
	<http://mediaserver2.experimedia.eu/ex5/encoded/95ebd517e1814fb4b33b9066933f404b/95ebd517e1814fb4b33b9066933f404b>  <http://www.w3.org/ns/ma-ont#hasFragment> ?fragment.
}
INSERT {
<http://mediaserver2.experimedia.eu/ex5/encoded/95ebd517e1814fb4b33b9066933f404b/95ebd517e1814fb4b33b9066933f404b> <http://www.w3.org/ns/ma-ont#hasFragment> <http://connectme.at/fragment/e602w3e3035425734f05aa569d34a50a> .
<http://connectme.at/fragment/e602w3e3035425734f05aa569d34a50a> <http://www.w3.org/1999/02/22-rdf-syntax-ns#type> <http://www.w3.org/ns/ma-ont#MediaFragment> .
<http://connectme.at/fragment/e602w3e3035425734f05aa569d34a50a> <http://www.w3.org/ns/ma-ont#locator> "http://mediaserver2.experimedia.eu/ex5/encoded/95ebd517e1814fb4b33b9066933f404b/95ebd517e1814fb4b33b9066933f404b.webm#t=130,135"^^<http://www.w3.org/2001/XMLSchema#anyURI> .
<http://connectme.at/fragment/e602w3e3035425734f05aa569d34a50a> <http://connectme.at/ontology#implicitlyShows> <http://www.abenteuerhof.at/e-s-home.html/semanticweb.rdf#BusinessEntity> .
<http://connectme.at/annotation/e602w3e3035425734f05aa569d34a50a> <http://www.w3.org/1999/02/22-rdf-syntax-ns#type> <http://www.openannotation.org/ns/Annotation> .
<http://connectme.at/annotation/e602w3e3035425734f05aa569d34a50a> <http://www.openannotation.org/ns/hasTarget> <http://connectme.at/fragment/e602w3e3035425734f05aa569d34a50a> .
<http://connectme.at/annotation/e602w3e3035425734f05aa569d34a50a> <http://purl.org/dc/terms/creator> <http://matt-open.myopenid.com/> .
<http://connectme.at/annotation/e602w3e3035425734f05aa569d34a50a> <http://purl.org/dc/terms/created> "2013-06-18T14:50:49+00:00"^^<http://www.w3.org/2001/XMLSchema#dateTime> .
<http://connectme.at/annotation/e602w3e3035425734f05aa569d34a50a> <http://www.openannotation.org/ns/hasBody> <http://www.abenteuerhof.at/e-s-home.html/semanticweb.rdf#BusinessEntity> .
<http://matt-open.myopenid.com/> <http://www.w3.org/1999/02/22-rdf-syntax-ns#type> <http://xmlns.com/foaf/0.1/Person> .
}
WHERE {
	?annotation <http://www.openannotation.org/ns/hasTarget> ?fragment.
	?annotation ?p ?v.
	OPTIONAL {
		?fragment ?r ?s
	}
	FILTER (?fragment = <http://connectme.at/fragment/e602w3e3035425734f05aa569d34a50a>)
}
Code: 200; Message: 