
2013-06-06 09:03:38 Login user http://matt-open.myopenid.com/
2013-06-06 11:43:37 Login user http://matt-open.myopenid.com/
2013-06-06 12:12:40 Video <http://download.blender.org/peach/trailer/trailer_1080p.ogg> loaded by http://matt-open.myopenid.com/
2013-06-06 12:42:25 Login user http://matt-open.myopenid.com/
2013-06-06 12:42:47 Video <http://mediaserver2.experimedia.eu/ex5/encoded/95ebd517e1814fb4b33b9066933f404b/95ebd517e1814fb4b33b9066933f404b> loaded by http://matt-open.myopenid.com/
2013-06-06 12:46:40 Video <http://mediaserver2.experimedia.eu/ex5/encoded/95ebd517e1814fb4b33b9066933f404b/95ebd517e1814fb4b33b9066933f404b> loaded by http://matt-open.myopenid.com/
2013-06-06 12:49:27 Video <http://mediaserver2.experimedia.eu/ex5/encoded/95ebd517e1814fb4b33b9066933f404b/95ebd517e1814fb4b33b9066933f404b> loaded by http://matt-open.myopenid.com/
2013-06-06 15:36:03 Login user http://matt-open.myopenid.com/
2013-06-06 15:55:12 Video <http://devserver.sti2.org/connectme/tmp_video/fahrenheit911.mp4> loaded by undefined
2013-06-06 15:56:44 Video <http://devserver.sti2.org/connectme/tmp_video/fahrenheit911.webm> loaded by undefined
2013-06-06 15:56:44 Video <http://devserver.sti2.org/connectme/tmp_video/fahrenheit911.webm> loaded by undefined
2013-06-06 15:57:02 Video <http://devserver.sti2.org/connectme/tmp_video/fahrenheit911> loaded by http://matt-open.myopenid.com/
2013-06-06 15:59:05 Video <http://devserver.sti2.org/connectme/tmp_video/fahrenheit911> loaded by http://matt-open.myopenid.com/
2013-06-06 16:04:14 Video <http://devserver.sti2.org/connectme/tmp_video/fahrenheit911> loaded by http://matt-open.myopenid.com/
2013-06-06 16:08:15 Video <http://devserver.sti2.org/connectme/tmp_video/fahrenheit911> loaded by http://matt-open.myopenid.com/
2013-06-06 16:09:33 Video <http://devserver.sti2.org/connectme/tmp_video/fahrenheit911.ogv> loaded by undefined
2013-06-06 16:09:46 Video <http://devserver.sti2.org/connectme/tmp_video/fahrenheit911> loaded by http://matt-open.myopenid.com/
2013-06-06 16:10:19 Video <http://devserver.sti2.org/connectme/tmp_video/fahrenheit911> loaded by http://matt-open.myopenid.com/
2013-06-07 10:27:54 Login user https://www.google.com/accounts/o8/id?id=AItOawmAKxH-aazOCL-MXTQG8HCYfejqb8wT9Vg
2013-06-07 10:28:28 Video <http://devserver.sti2.org/connectme/tmp_video/fahrenheit911> loaded by https://www.google.com/accounts/o8/id?id=AItOawmAKxH-aazOCL-MXTQG8HCYfejqb8wT9Vg
2013-06-07 11:09:49 Login user http://matt-open.myopenid.com/
2013-06-07 12:16:12 Login user http://matt-open.myopenid.com/
2013-06-07 12:17:01 Video <http://devserver.sti2.org/connectme/tmp_video/fahrenheit911> loaded by http://matt-open.myopenid.com/
2013-06-07 12:18:04 Video <http://devserver.sti2.org/connectme/tmp_video/fahrenheit911> loaded by http://matt-open.myopenid.com/
2013-06-07 12:26:27 Video <http://devserver.sti2.org/connectme/tmp_video/fahrenheit911> loaded by http://matt-open.myopenid.com/
2013-06-07 13:17:09 Video <http://devserver.sti2.org/connectme/tmp_video/fahrenheit911> loaded by http://matt-open.myopenid.com/
2013-06-07 13:35:22 Login user https://www.google.com/accounts/o8/id?id=AItOawmAKxH-aazOCL-MXTQG8HCYfejqb8wT9Vg
2013-06-07 13:50:42 Video <http://devserver.sti2.org/connectme/tmp_video/fahrenheit911> loaded by https://www.google.com/accounts/o8/id?id=AItOawmAKxH-aazOCL-MXTQG8HCYfejqb8wT9Vg
2013-06-07 14:02:51 Video <http://devserver.sti2.org/connectme/tmp_video/fahrenheit911> loaded by https://www.google.com/accounts/o8/id?id=AItOawmAKxH-aazOCL-MXTQG8HCYfejqb8wT9Vg
2013-06-10 14:39:28 Login user https://www.google.com/accounts/o8/id?id=AItOawmAKxH-aazOCL-MXTQG8HCYfejqb8wT9Vg
2013-06-10 14:40:05 Login user https://www.google.com/accounts/o8/id?id=AItOawmAKxH-aazOCL-MXTQG8HCYfejqb8wT9Vg
2013-06-10 14:41:48 Video <http://mediaserver2.experimedia.eu/ex5/encoded/95ebd517e1814fb4b33b9066933f404b/95ebd517e1814fb4b33b9066933f404b> loaded by https://www.google.com/accounts/o8/id?id=AItOawmAKxH-aazOCL-MXTQG8HCYfejqb8wT9Vg
2013-06-11 09:00:08 Login user http://matt-open.myopenid.com/
2013-06-11 09:00:44 Video <http://devserver.sti2.org/connectme/tmp_video/fahrenheit911> loaded by http://matt-open.myopenid.com/
2013-06-11 09:08:56 Video <http://devserver.sti2.org/connectme/tmp_video/fahrenheit911> loaded by http://matt-open.myopenid.com/
2013-06-11 09:10:26 Video <http://devserver.sti2.org/connectme/tmp_video/fahrenheit911> loaded by http://matt-open.myopenid.com/
2013-06-11 09:19:54 Video <http://devserver.sti2.org/connectme/tmp_video/fahrenheit911> loaded by http://matt-open.myopenid.com/
2013-06-11 09:21:34 Video <http://devserver.sti2.org/connectme/tmp_video/fahrenheit911> loaded by http://matt-open.myopenid.com/
2013-06-11 09:24:58 Video <http://connectme.salzburgresearch.at/CMF/resource/video/yoovis/5594> loaded by http://matt-open.myopenid.com/
2013-06-11 09:35:08 Video <http://devserver.sti2.org/connectme/tmp_video/fahrenheit911> loaded by http://matt-open.myopenid.com/
2013-06-11 09:37:00 Video <http://mediaserver2.experimedia.eu/ex5/encoded/95ebd517e1814fb4b33b9066933f404b/95ebd517e1814fb4b33b9066933f404b> loaded by http://matt-open.myopenid.com/
2013-06-11 12:54:43 Login user http://matt-open.myopenid.com/
2013-06-11 13:07:16 Video <http://mediaserver2.experimedia.eu/ex5/encoded/95ebd517e1814fb4b33b9066933f404b/95ebd517e1814fb4b33b9066933f404b> loaded by http://matt-open.myopenid.com/
2013-06-11 13:12:19 Video <http://mediaserver2.experimedia.eu/ex5/encoded/95ebd517e1814fb4b33b9066933f404b/95ebd517e1814fb4b33b9066933f404b> loaded by http://matt-open.myopenid.com/
2013-06-11 13:25:54 Video <http://mediaserver2.experimedia.eu/ex5/encoded/95ebd517e1814fb4b33b9066933f404b/95ebd517e1814fb4b33b9066933f404b> loaded by http://matt-open.myopenid.com/
2013-06-11 13:26:59 Video <http://mediaserver2.experimedia.eu/ex5/encoded/95ebd517e1814fb4b33b9066933f404b/95ebd517e1814fb4b33b9066933f404b> loaded by http://matt-open.myopenid.com/
2013-06-11 13:40:30 Login user http://matt-open.myopenid.com/
2013-06-11 16:12:20 Login user http://matt-open.myopenid.com/
2013-06-13 07:47:02 Login user http://matt-open.myopenid.com/
2013-06-18 09:21:51 Login user http://matt-open.myopenid.com/
2013-06-18 09:21:52 Login failed
2013-06-18 09:21:58 Login failed
2013-06-18 09:21:59 Login failed
2013-06-18 09:25:03 Login failed
2013-06-18 09:26:09 Logout user http://matt-open.myopenid.com/
2013-06-18 09:32:30 Login user http://matt-open.myopenid.com/
2013-06-18 09:33:37 Login failed
2013-06-18 09:35:02 Login failed
2013-08-22 12:31:09 Login failed