http://matt-open.myopenid.com/,1370512594
http://matt-open.myopenid.com/,1370512672
http://matt-open.myopenid.com/,1370512798
http://matt-open.myopenid.com/,1370513865
http://matt-open.myopenid.com/,1370513871
http://matt-open.myopenid.com/,1370519026
http://matt-open.myopenid.com/,1370519054
http://matt-open.myopenid.com/,1370519365
http://matt-open.myopenid.com/,1370534276
http://matt-open.myopenid.com/,1370534580
http://matt-open.myopenid.com/,1370534661
http://matt-open.myopenid.com/,1370534868
http://matt-open.myopenid.com/,1370534871
http://matt-open.myopenid.com/,1370534874
http://matt-open.myopenid.com/,1370534906
http://matt-open.myopenid.com/,1370535009
https://www.google.com/accounts/o8/id?id=AItOawmAKxH-aazOCL-MXTQG8HCYfejqb8wT9Vg,1370602804
http://matt-open.myopenid.com/,1370607452
http://matt-open.myopenid.com/,1370607959
http://matt-open.myopenid.com/,1370608110
http://matt-open.myopenid.com/,1370608112
http://matt-open.myopenid.com/,1370608382
http://matt-open.myopenid.com/,1370610243
http://matt-open.myopenid.com/,1370610333
http://matt-open.myopenid.com/,1370610362
http://matt-open.myopenid.com/,1370610414
http://matt-open.myopenid.com/,1370610528
http://matt-open.myopenid.com/,1370610756
http://matt-open.myopenid.com/,1370610792
http://matt-open.myopenid.com/,1370610967
http://matt-open.myopenid.com/,1370610997
http://matt-open.myopenid.com/,1370611041
https://www.google.com/accounts/o8/id?id=AItOawmAKxH-aazOCL-MXTQG8HCYfejqb8wT9Vg,1370612133
https://www.google.com/accounts/o8/id?id=AItOawmAKxH-aazOCL-MXTQG8HCYfejqb8wT9Vg,1370613941
http://matt-open.myopenid.com/,1370956174
http://matt-open.myopenid.com/,1371566733
http://matt-open.myopenid.com/,1371566753
http://matt-open.myopenid.com/,1371566924
http://matt-open.myopenid.com/,1371567049
http://matt-open.myopenid.com/,1371567555
http://matt-open.myopenid.com/,1371568276
http://matt-open.myopenid.com/,1371570945
https://www.google.com/accounts/o8/id?id=AItOawmWu8koV9GWbv_6QWIdCsfp7FoPHdqDnIM,1372257560
https://www.google.com/accounts/o8/id?id=AItOawk2kz8c2TJD8CsFZAG1TfXqp1jx4EwLROo,1372671958